{"meta": {"format": 3, "version": "7.6.10", "timestamp": "2025-02-23T18:52:14.468353", "branch_coverage": false, "show_contexts": false}, "files": {"app/__init__.py": {"executed_lines": [1, 2, 3, 4, 5, 6, 7, 8, 10, 11, 13, 14, 15, 16, 17, 18, 19, 22, 23, 24, 25, 26, 29, 30, 35, 36, 42, 43, 46, 50, 51, 52, 58, 59, 60, 61, 62, 65, 66, 67, 69, 70, 72, 74, 76, 77, 81, 82, 83, 84, 85, 86, 88, 91, 92, 93, 94, 104, 105, 120], "summary": {"covered_lines": 60, "num_statements": 61, "percent_covered": 98.36065573770492, "percent_covered_display": "98", "missing_lines": 1, "excluded_lines": 0}, "missing_lines": [44], "excluded_lines": [], "functions": {"setup_database": {"executed_lines": [23, 24, 25], "summary": {"covered_lines": 3, "num_statements": 3, "percent_covered": 100.0, "percent_covered_display": "100", "missing_lines": 0, "excluded_lines": 0}, "missing_lines": [], "excluded_lines": []}, "setup_database.create_tables": {"executed_lines": [26], "summary": {"covered_lines": 1, "num_statements": 1, "percent_covered": 100.0, "percent_covered_display": "100", "missing_lines": 0, "excluded_lines": 0}, "missing_lines": [], "excluded_lines": []}, "create_app": {"executed_lines": [30, 35, 36, 42, 43, 46, 50, 51, 52, 58, 59, 60, 61, 62, 65, 66, 67, 69, 70, 81, 82, 83, 84, 85, 86, 88, 91, 92, 93, 94, 104, 105, 120], "summary": {"covered_lines": 33, "num_statements": 34, "percent_covered": 97.05882352941177, "percent_covered_display": "97", "missing_lines": 1, "excluded_lines": 0}, "missing_lines": [44], "excluded_lines": []}, "create_app.load_user": {"executed_lines": [72, 74, 76, 77], "summary": {"covered_lines": 4, "num_statements": 4, "percent_covered": 100.0, "percent_covered_display": "100", "missing_lines": 0, "excluded_lines": 0}, "missing_lines": [], "excluded_lines": []}, "": {"executed_lines": [1, 2, 3, 4, 5, 6, 7, 8, 10, 11, 13, 14, 15, 16, 17, 18, 19, 22, 29], "summary": {"covered_lines": 19, "num_statements": 19, "percent_covered": 100.0, "percent_covered_display": "100", "missing_lines": 0, "excluded_lines": 0}, "missing_lines": [], "excluded_lines": []}}, "classes": {"": {"executed_lines": [1, 2, 3, 4, 5, 6, 7, 8, 10, 11, 13, 14, 15, 16, 17, 18, 19, 22, 23, 24, 25, 26, 29, 30, 35, 36, 42, 43, 46, 50, 51, 52, 58, 59, 60, 61, 62, 65, 66, 67, 69, 70, 72, 74, 76, 77, 81, 82, 83, 84, 85, 86, 88, 91, 92, 93, 94, 104, 105, 120], "summary": {"covered_lines": 60, "num_statements": 61, "percent_covered": 98.36065573770492, "percent_covered_display": "98", "missing_lines": 1, "excluded_lines": 0}, "missing_lines": [44], "excluded_lines": []}}}, "app/config.py": {"executed_lines": [1, 2, 3, 5, 6, 9, 10, 12, 13, 18, 19, 24, 26, 36, 37, 38, 39, 40, 41, 43, 46, 47, 49, 50, 51, 52, 55, 56, 57, 58, 59, 60, 61, 62, 63], "summary": {"covered_lines": 34, "num_statements": 34, "percent_covered": 100.0, "percent_covered_display": "100", "missing_lines": 0, "excluded_lines": 0}, "missing_lines": [], "excluded_lines": [], "functions": {"": {"executed_lines": [1, 2, 3, 5, 6, 9, 10, 12, 13, 18, 19, 24, 26, 36, 37, 38, 39, 40, 41, 43, 46, 47, 49, 50, 51, 52, 55, 56, 57, 58, 59, 60, 61, 62, 63], "summary": {"covered_lines": 34, "num_statements": 34, "percent_covered": 100.0, "percent_covered_display": "100", "missing_lines": 0, "excluded_lines": 0}, "missing_lines": [], "excluded_lines": []}}, "classes": {"Config": {"executed_lines": [], "summary": {"covered_lines": 0, "num_statements": 0, "percent_covered": 100.0, "percent_covered_display": "100", "missing_lines": 0, "excluded_lines": 0}, "missing_lines": [], "excluded_lines": []}, "ProdConfig": {"executed_lines": [], "summary": {"covered_lines": 0, "num_statements": 0, "percent_covered": 100.0, "percent_covered_display": "100", "missing_lines": 0, "excluded_lines": 0}, "missing_lines": [], "excluded_lines": []}, "DevConfig": {"executed_lines": [], "summary": {"covered_lines": 0, "num_statements": 0, "percent_covered": 100.0, "percent_covered_display": "100", "missing_lines": 0, "excluded_lines": 0}, "missing_lines": [], "excluded_lines": []}, "TestConfig": {"executed_lines": [], "summary": {"covered_lines": 0, "num_statements": 0, "percent_covered": 100.0, "percent_covered_display": "100", "missing_lines": 0, "excluded_lines": 0}, "missing_lines": [], "excluded_lines": []}, "": {"executed_lines": [1, 2, 3, 5, 6, 9, 10, 12, 13, 18, 19, 24, 26, 36, 37, 38, 39, 40, 41, 43, 46, 47, 49, 50, 51, 52, 55, 56, 57, 58, 59, 60, 61, 62, 63], "summary": {"covered_lines": 34, "num_statements": 34, "percent_covered": 100.0, "percent_covered_display": "100", "missing_lines": 0, "excluded_lines": 0}, "missing_lines": [], "excluded_lines": []}}}, "app/models.py": {"executed_lines": [1, 3, 4, 5, 6, 8, 9, 10, 11, 12, 14, 15, 16, 18, 19, 20, 21, 24, 27, 28, 29, 30, 32, 33, 34, 35, 37, 38, 39, 42, 43, 50, 51, 71, 72, 73, 74, 75, 76, 77, 78, 79, 80, 81, 82, 84, 89, 90, 97, 98, 103, 104, 105, 106, 108, 109, 110, 114, 116, 117, 118, 122, 124, 134, 135, 136, 137, 138, 139, 141, 142, 143, 144, 145, 147, 148, 153, 154, 155, 156, 158, 161, 162, 163, 164, 165, 167, 170, 180, 184, 188, 197, 198, 199, 200, 201, 202, 203, 206, 207, 219, 220, 232, 233, 237, 238, 240, 241, 245, 246, 248, 249, 253, 254, 256, 257, 264, 265, 273, 274, 292, 296, 300, 305, 310, 311, 314, 315, 319, 320, 321, 322, 323, 325, 327, 328, 329, 330, 332, 333, 334, 336, 337, 339, 340, 346, 347, 348, 349, 355, 356, 366, 367, 371, 372, 379, 380, 386, 410, 463, 464, 465, 466, 467, 468, 469, 470, 471, 473, 474, 481, 482, 518, 529], "summary": {"covered_lines": 172, "num_statements": 348, "percent_covered": 49.42528735632184, "percent_covered_display": "49", "missing_lines": 176, "excluded_lines": 0}, "missing_lines": [47, 48, 57, 58, 59, 60, 61, 62, 64, 68, 85, 86, 87, 94, 95, 99, 100, 101, 111, 112, 113, 119, 120, 121, 149, 150, 151, 152, 168, 176, 177, 178, 181, 182, 185, 186, 189, 190, 191, 192, 194, 208, 209, 214, 215, 217, 221, 227, 228, 229, 230, 261, 262, 270, 271, 279, 280, 281, 284, 287, 288, 289, 290, 293, 294, 297, 298, 301, 302, 303, 306, 307, 351, 360, 364, 368, 369, 373, 374, 376, 377, 384, 387, 388, 389, 390, 391, 392, 401, 402, 403, 405, 406, 408, 411, 413, 416, 417, 418, 419, 421, 422, 425, 426, 428, 430, 432, 433, 435, 437, 444, 446, 447, 448, 450, 451, 453, 454, 457, 459, 460, 478, 479, 486, 487, 519, 520, 521, 523, 524, 525, 526, 527, 531, 541, 542, 543, 544, 545, 546, 547, 548, 549, 550, 551, 552, 553, 555, 556, 558, 560, 562, 563, 564, 567, 568, 570, 571, 572, 573, 574, 575, 576, 577, 578, 579, 585, 586, 587, 588, 591, 592, 594, 595, 609, 610], "excluded_lines": [], "functions": {"User.get_all": {"executed_lines": [], "summary": {"covered_lines": 0, "num_statements": 2, "percent_covered": 0.0, "percent_covered_display": "0", "missing_lines": 2, "excluded_lines": 0}, "missing_lines": [47, 48], "excluded_lines": []}, "User.get_all_sites": {"executed_lines": [], "summary": {"covered_lines": 0, "num_statements": 8, "percent_covered": 0.0, "percent_covered_display": "0", "missing_lines": 8, "excluded_lines": 0}, "missing_lines": [57, 58, 59, 60, 61, 62, 64, 68], "excluded_lines": []}, "Star.add_obs": {"executed_lines": [], "summary": {"covered_lines": 0, "num_statements": 3, "percent_covered": 0.0, "percent_covered_display": "0", "missing_lines": 3, "excluded_lines": 0}, "missing_lines": [85, 86, 87], "excluded_lines": []}, "Star.return_all": {"executed_lines": [], "summary": {"covered_lines": 0, "num_statements": 2, "percent_covered": 0.0, "percent_covered_display": "0", "missing_lines": 2, "excluded_lines": 0}, "missing_lines": [94, 95], "excluded_lines": []}, "Star.delete_by_id": {"executed_lines": [], "summary": {"covered_lines": 0, "num_statements": 3, "percent_covered": 0.0, "percent_covered_display": "0", "missing_lines": 3, "excluded_lines": 0}, "missing_lines": [99, 100, 101], "excluded_lines": []}, "Star.get_by_id": {"executed_lines": [105, 106], "summary": {"covered_lines": 2, "num_statements": 2, "percent_covered": 100.0, "percent_covered_display": "100", "missing_lines": 0, "excluded_lines": 0}, "missing_lines": [], "excluded_lines": []}, "Star.rise": {"executed_lines": [109, 110, 114], "summary": {"covered_lines": 3, "num_statements": 6, "percent_covered": 50.0, "percent_covered_display": "50", "missing_lines": 3, "excluded_lines": 0}, "missing_lines": [111, 112, 113], "excluded_lines": []}, "Star.pas": {"executed_lines": [117, 118, 122], "summary": {"covered_lines": 3, "num_statements": 6, "percent_covered": 50.0, "percent_covered_display": "50", "missing_lines": 3, "excluded_lines": 0}, "missing_lines": [119, 120, 121], "excluded_lines": []}, "Star.rise_pass_sdate": {"executed_lines": [134, 135, 136, 137, 138, 139, 141, 142, 143, 144, 145, 147, 148, 153, 154, 155, 156, 158], "summary": {"covered_lines": 18, "num_statements": 22, "percent_covered": 81.81818181818181, "percent_covered_display": "82", "missing_lines": 4, "excluded_lines": 0}, "missing_lines": [149, 150, 151, 152], "excluded_lines": []}, "Observation.__repr__": {"executed_lines": [], "summary": {"covered_lines": 0, "num_statements": 1, "percent_covered": 0.0, "percent_covered_display": "0", "missing_lines": 1, "excluded_lines": 0}, "missing_lines": [168], "excluded_lines": []}, "Observation.date0": {"executed_lines": [], "summary": {"covered_lines": 0, "num_statements": 3, "percent_covered": 0.0, "percent_covered_display": "0", "missing_lines": 3, "excluded_lines": 0}, "missing_lines": [176, 177, 178], "excluded_lines": []}, "Observation.phase_st": {"executed_lines": [], "summary": {"covered_lines": 0, "num_statements": 2, "percent_covered": 0.0, "percent_covered_display": "0", "missing_lines": 2, "excluded_lines": 0}, "missing_lines": [181, 182], "excluded_lines": []}, "Observation.phase_end": {"executed_lines": [], "summary": {"covered_lines": 0, "num_statements": 2, "percent_covered": 0.0, "percent_covered_display": "0", "missing_lines": 2, "excluded_lines": 0}, "missing_lines": [185, 186], "excluded_lines": []}, "Observation.asterix": {"executed_lines": [], "summary": {"covered_lines": 0, "num_statements": 5, "percent_covered": 0.0, "percent_covered_display": "0", "missing_lines": 5, "excluded_lines": 0}, "missing_lines": [189, 190, 191, 192, 194], "excluded_lines": []}, "Satellite.count_sat": {"executed_lines": [], "summary": {"covered_lines": 0, "num_statements": 5, "percent_covered": 0.0, "percent_covered_display": "0", "missing_lines": 5, "excluded_lines": 0}, "missing_lines": [208, 209, 214, 215, 217], "excluded_lines": []}, "Satellite.search_sat": {"executed_lines": [], "summary": {"covered_lines": 0, "num_statements": 5, "percent_covered": 0.0, "percent_covered_display": "0", "missing_lines": 5, "excluded_lines": 0}, "missing_lines": [221, 227, 228, 229, 230], "excluded_lines": []}, "Satellite.get_by_id": {"executed_lines": [237, 238], "summary": {"covered_lines": 2, "num_statements": 2, "percent_covered": 100.0, "percent_covered_display": "100", "missing_lines": 0, "excluded_lines": 0}, "missing_lines": [], "excluded_lines": []}, "Satellite.get_all": {"executed_lines": [245, 246], "summary": {"covered_lines": 2, "num_statements": 2, "percent_covered": 100.0, "percent_covered_display": "100", "missing_lines": 0, "excluded_lines": 0}, "missing_lines": [], "excluded_lines": []}, "Satellite.get_by_norad": {"executed_lines": [253, 254], "summary": {"covered_lines": 2, "num_statements": 2, "percent_covered": 100.0, "percent_covered_display": "100", "missing_lines": 0, "excluded_lines": 0}, "missing_lines": [], "excluded_lines": []}, "Satellite.get_by_cospar": {"executed_lines": [], "summary": {"covered_lines": 0, "num_statements": 2, "percent_covered": 0.0, "percent_covered_display": "0", "missing_lines": 2, "excluded_lines": 0}, "missing_lines": [261, 262], "excluded_lines": []}, "Satellite.get_by_name": {"executed_lines": [], "summary": {"covered_lines": 0, "num_statements": 2, "percent_covered": 0.0, "percent_covered_display": "0", "missing_lines": 2, "excluded_lines": 0}, "missing_lines": [270, 271], "excluded_lines": []}, "Satellite.clear_empty_records": {"executed_lines": [], "summary": {"covered_lines": 0, "num_statements": 8, "percent_covered": 0.0, "percent_covered_display": "0", "missing_lines": 8, "excluded_lines": 0}, "missing_lines": [279, 280, 281, 284, 287, 288, 289, 290], "excluded_lines": []}, "Satellite.get_lcs": {"executed_lines": [], "summary": {"covered_lines": 0, "num_statements": 2, "percent_covered": 0.0, "percent_covered_display": "0", "missing_lines": 2, "excluded_lines": 0}, "missing_lines": [293, 294], "excluded_lines": []}, "Satellite.count_lcs": {"executed_lines": [], "summary": {"covered_lines": 0, "num_statements": 2, "percent_covered": 0.0, "percent_covered_display": "0", "missing_lines": 2, "excluded_lines": 0}, "missing_lines": [297, 298], "excluded_lines": []}, "Satellite.get_last_lc_time": {"executed_lines": [], "summary": {"covered_lines": 0, "num_statements": 3, "percent_covered": 0.0, "percent_covered_display": "0", "missing_lines": 3, "excluded_lines": 0}, "missing_lines": [301, 302, 303], "excluded_lines": []}, "Satellite.update_updated": {"executed_lines": [], "summary": {"covered_lines": 0, "num_statements": 2, "percent_covered": 0.0, "percent_covered_display": "0", "missing_lines": 2, "excluded_lines": 0}, "missing_lines": [306, 307], "excluded_lines": []}, "Lightcurve.get_by_lc_start": {"executed_lines": [346, 347, 348, 349], "summary": {"covered_lines": 4, "num_statements": 5, "percent_covered": 80.0, "percent_covered_display": "80", "missing_lines": 1, "excluded_lines": 0}, "missing_lines": [351], "excluded_lines": []}, "Lightcurve.report_lcs": {"executed_lines": [], "summary": {"covered_lines": 0, "num_statements": 2, "percent_covered": 0.0, "percent_covered_display": "0", "missing_lines": 2, "excluded_lines": 0}, "missing_lines": [360, 364], "excluded_lines": []}, "Lightcurve.get_by_id": {"executed_lines": [], "summary": {"covered_lines": 0, "num_statements": 2, "percent_covered": 0.0, "percent_covered_display": "0", "missing_lines": 2, "excluded_lines": 0}, "missing_lines": [368, 369], "excluded_lines": []}, "Lightcurve.get_synch_lc": {"executed_lines": [], "summary": {"covered_lines": 0, "num_statements": 4, "percent_covered": 0.0, "percent_covered_display": "0", "missing_lines": 4, "excluded_lines": 0}, "missing_lines": [373, 374, 376, 377], "excluded_lines": []}, "Lightcurve.get_all": {"executed_lines": [], "summary": {"covered_lines": 0, "num_statements": 1, "percent_covered": 0.0, "percent_covered_display": "0", "missing_lines": 1, "excluded_lines": 0}, "missing_lines": [384], "excluded_lines": []}, "Lightcurve.detect_period": {"executed_lines": [], "summary": {"covered_lines": 0, "num_statements": 12, "percent_covered": 0.0, "percent_covered_display": "0", "missing_lines": 12, "excluded_lines": 0}, "missing_lines": [387, 388, 389, 390, 391, 392, 401, 402, 403, 405, 406, 408], "excluded_lines": []}, "Lightcurve.calc_period": {"executed_lines": [], "summary": {"covered_lines": 0, "num_statements": 27, "percent_covered": 0.0, "percent_covered_display": "0", "missing_lines": 27, "excluded_lines": 0}, "missing_lines": [411, 413, 416, 417, 418, 419, 421, 422, 425, 426, 428, 430, 432, 433, 435, 437, 444, 446, 447, 448, 450, 451, 453, 454, 457, 459, 460], "excluded_lines": []}, "SatForView.get_all": {"executed_lines": [], "summary": {"covered_lines": 0, "num_statements": 2, "percent_covered": 0.0, "percent_covered_display": "0", "missing_lines": 2, "excluded_lines": 0}, "missing_lines": [478, 479], "excluded_lines": []}, "SatForView.get_by_norad": {"executed_lines": [], "summary": {"covered_lines": 0, "num_statements": 2, "percent_covered": 0.0, "percent_covered_display": "0", "missing_lines": 2, "excluded_lines": 0}, "missing_lines": [486, 487], "excluded_lines": []}, "SatForView.get_tle_epoch": {"executed_lines": [], "summary": {"covered_lines": 0, "num_statements": 8, "percent_covered": 0.0, "percent_covered_display": "0", "missing_lines": 8, "excluded_lines": 0}, "missing_lines": [519, 520, 521, 523, 524, 525, 526, 527], "excluded_lines": []}, "SatForView.calc_passes": {"executed_lines": [], "summary": {"covered_lines": 0, "num_statements": 43, "percent_covered": 0.0, "percent_covered_display": "0", "missing_lines": 43, "excluded_lines": 0}, "missing_lines": [531, 541, 542, 543, 544, 545, 546, 547, 548, 549, 550, 551, 552, 553, 555, 556, 558, 560, 562, 563, 564, 567, 568, 570, 571, 572, 573, 574, 575, 576, 577, 578, 579, 585, 586, 587, 588, 591, 592, 594, 595, 609, 610], "excluded_lines": []}, "": {"executed_lines": [1, 3, 4, 5, 6, 8, 9, 10, 11, 12, 14, 15, 16, 18, 19, 20, 21, 24, 27, 28, 29, 30, 32, 33, 34, 35, 37, 38, 39, 42, 43, 50, 51, 71, 72, 73, 74, 75, 76, 77, 78, 79, 80, 81, 82, 84, 89, 90, 97, 98, 103, 104, 108, 116, 124, 161, 162, 163, 164, 165, 167, 170, 180, 184, 188, 197, 198, 199, 200, 201, 202, 203, 206, 207, 219, 220, 232, 233, 240, 241, 248, 249, 256, 257, 264, 265, 273, 274, 292, 296, 300, 305, 310, 311, 314, 315, 319, 320, 321, 322, 323, 325, 327, 328, 329, 330, 332, 333, 334, 336, 337, 339, 340, 355, 356, 366, 367, 371, 372, 379, 380, 386, 410, 463, 464, 465, 466, 467, 468, 469, 470, 471, 473, 474, 481, 482, 518, 529], "summary": {"covered_lines": 136, "num_statements": 136, "percent_covered": 100.0, "percent_covered_display": "100", "missing_lines": 0, "excluded_lines": 0}, "missing_lines": [], "excluded_lines": []}}, "classes": {"User": {"executed_lines": [], "summary": {"covered_lines": 0, "num_statements": 10, "percent_covered": 0.0, "percent_covered_display": "0", "missing_lines": 10, "excluded_lines": 0}, "missing_lines": [47, 48, 57, 58, 59, 60, 61, 62, 64, 68], "excluded_lines": []}, "Star": {"executed_lines": [105, 106, 109, 110, 114, 117, 118, 122, 134, 135, 136, 137, 138, 139, 141, 142, 143, 144, 145, 147, 148, 153, 154, 155, 156, 158], "summary": {"covered_lines": 26, "num_statements": 44, "percent_covered": 59.09090909090909, "percent_covered_display": "59", "missing_lines": 18, "excluded_lines": 0}, "missing_lines": [85, 86, 87, 94, 95, 99, 100, 101, 111, 112, 113, 119, 120, 121, 149, 150, 151, 152], "excluded_lines": []}, "Observation": {"executed_lines": [], "summary": {"covered_lines": 0, "num_statements": 13, "percent_covered": 0.0, "percent_covered_display": "0", "missing_lines": 13, "excluded_lines": 0}, "missing_lines": [168, 176, 177, 178, 181, 182, 185, 186, 189, 190, 191, 192, 194], "excluded_lines": []}, "Satellite": {"executed_lines": [237, 238, 245, 246, 253, 254], "summary": {"covered_lines": 6, "num_statements": 37, "percent_covered": 16.216216216216218, "percent_covered_display": "16", "missing_lines": 31, "excluded_lines": 0}, "missing_lines": [208, 209, 214, 215, 217, 221, 227, 228, 229, 230, 261, 262, 270, 271, 279, 280, 281, 284, 287, 288, 289, 290, 293, 294, 297, 298, 301, 302, 303, 306, 307], "excluded_lines": []}, "Lightcurve": {"executed_lines": [346, 347, 348, 349], "summary": {"covered_lines": 4, "num_statements": 53, "percent_covered": 7.547169811320755, "percent_covered_display": "8", "missing_lines": 49, "excluded_lines": 0}, "missing_lines": [351, 360, 364, 368, 369, 373, 374, 376, 377, 384, 387, 388, 389, 390, 391, 392, 401, 402, 403, 405, 406, 408, 411, 413, 416, 417, 418, 419, 421, 422, 425, 426, 428, 430, 432, 433, 435, 437, 444, 446, 447, 448, 450, 451, 453, 454, 457, 459, 460], "excluded_lines": []}, "SatForView": {"executed_lines": [], "summary": {"covered_lines": 0, "num_statements": 55, "percent_covered": 0.0, "percent_covered_display": "0", "missing_lines": 55, "excluded_lines": 0}, "missing_lines": [478, 479, 486, 487, 519, 520, 521, 523, 524, 525, 526, 527, 531, 541, 542, 543, 544, 545, 546, 547, 548, 549, 550, 551, 552, 553, 555, 556, 558, 560, 562, 563, 564, 567, 568, 570, 571, 572, 573, 574, 575, 576, 577, 578, 579, 585, 586, 587, 588, 591, 592, 594, 595, 609, 610], "excluded_lines": []}, "": {"executed_lines": [1, 3, 4, 5, 6, 8, 9, 10, 11, 12, 14, 15, 16, 18, 19, 20, 21, 24, 27, 28, 29, 30, 32, 33, 34, 35, 37, 38, 39, 42, 43, 50, 51, 71, 72, 73, 74, 75, 76, 77, 78, 79, 80, 81, 82, 84, 89, 90, 97, 98, 103, 104, 108, 116, 124, 161, 162, 163, 164, 165, 167, 170, 180, 184, 188, 197, 198, 199, 200, 201, 202, 203, 206, 207, 219, 220, 232, 233, 240, 241, 248, 249, 256, 257, 264, 265, 273, 274, 292, 296, 300, 305, 310, 311, 314, 315, 319, 320, 321, 322, 323, 325, 327, 328, 329, 330, 332, 333, 334, 336, 337, 339, 340, 355, 356, 366, 367, 371, 372, 379, 380, 386, 410, 463, 464, 465, 466, 467, 468, 469, 470, 471, 473, 474, 481, 482, 518, 529], "summary": {"covered_lines": 136, "num_statements": 136, "percent_covered": 100.0, "percent_covered_display": "100", "missing_lines": 0, "excluded_lines": 0}, "missing_lines": [], "excluded_lines": []}}}, "app/period/auxiliary_funcs.py": {"executed_lines": [1, 2, 3, 4, 5, 6, 10, 20, 21, 23, 24, 26, 29, 31, 42, 43, 44, 45, 46, 47, 49, 57, 58, 60, 61, 62, 64, 73, 74, 76, 78, 79, 81, 83, 90, 91, 92, 97, 98, 99, 101, 109, 110, 112, 113, 114], "summary": {"covered_lines": 46, "num_statements": 49, "percent_covered": 93.87755102040816, "percent_covered_display": "94", "missing_lines": 3, "excluded_lines": 0}, "missing_lines": [25, 27, 94], "excluded_lines": [], "functions": {"calculate_autocorrelation": {"executed_lines": [20, 21, 23, 24, 26, 29], "summary": {"covered_lines": 6, "num_statements": 8, "percent_covered": 75.0, "percent_covered_display": "75", "missing_lines": 2, "excluded_lines": 0}, "missing_lines": [25, 27], "excluded_lines": []}, "autocor": {"executed_lines": [42, 43, 44, 45, 46, 47], "summary": {"covered_lines": 6, "num_statements": 6, "percent_covered": 100.0, "percent_covered_display": "100", "missing_lines": 0, "excluded_lines": 0}, "missing_lines": [], "excluded_lines": []}, "shift_diff": {"executed_lines": [57, 58, 60, 61, 62], "summary": {"covered_lines": 5, "num_statements": 5, "percent_covered": 100.0, "percent_covered_display": "100", "missing_lines": 0, "excluded_lines": 0}, "missing_lines": [], "excluded_lines": []}, "fit_model": {"executed_lines": [73, 74, 76, 78, 79, 81], "summary": {"covered_lines": 6, "num_statements": 6, "percent_covered": 100.0, "percent_covered_display": "100", "missing_lines": 0, "excluded_lines": 0}, "missing_lines": [], "excluded_lines": []}, "get_relevant_diffs": {"executed_lines": [90, 91, 92, 97, 98, 99], "summary": {"covered_lines": 6, "num_statements": 7, "percent_covered": 85.71428571428571, "percent_covered_display": "86", "missing_lines": 1, "excluded_lines": 0}, "missing_lines": [94], "excluded_lines": []}, "sum_shifted_function": {"executed_lines": [109, 110, 112, 113, 114], "summary": {"covered_lines": 5, "num_statements": 5, "percent_covered": 100.0, "percent_covered_display": "100", "missing_lines": 0, "excluded_lines": 0}, "missing_lines": [], "excluded_lines": []}, "": {"executed_lines": [1, 2, 3, 4, 5, 6, 10, 31, 49, 64, 83, 101], "summary": {"covered_lines": 12, "num_statements": 12, "percent_covered": 100.0, "percent_covered_display": "100", "missing_lines": 0, "excluded_lines": 0}, "missing_lines": [], "excluded_lines": []}}, "classes": {"": {"executed_lines": [1, 2, 3, 4, 5, 6, 10, 20, 21, 23, 24, 26, 29, 31, 42, 43, 44, 45, 46, 47, 49, 57, 58, 60, 61, 62, 64, 73, 74, 76, 78, 79, 81, 83, 90, 91, 92, 97, 98, 99, 101, 109, 110, 112, 113, 114], "summary": {"covered_lines": 46, "num_statements": 49, "percent_covered": 93.87755102040816, "percent_covered_display": "94", "missing_lines": 3, "excluded_lines": 0}, "missing_lines": [25, 27, 94], "excluded_lines": []}}}, "app/period/find_period.py": {"executed_lines": [1, 2, 3, 4, 5, 8, 12, 56, 58, 61, 69, 70, 71, 72, 73, 74, 83, 85, 86, 88, 89, 91, 92, 93, 94, 95, 96, 97, 99, 100, 101, 104, 106, 107, 109, 110, 111, 113, 114, 115, 117, 118, 120, 121, 124, 125, 130, 133, 134, 135, 143, 144, 146, 148, 149, 150, 151, 152, 153, 154, 155, 156, 159, 163, 164, 165, 167, 185, 186, 187, 188, 189, 190, 191, 216], "summary": {"covered_lines": 75, "num_statements": 95, "percent_covered": 78.94736842105263, "percent_covered_display": "79", "missing_lines": 20, "excluded_lines": 0}, "missing_lines": [168, 169, 170, 171, 172, 173, 174, 175, 176, 203, 204, 207, 209, 210, 213, 218, 219, 220, 221, 222], "excluded_lines": [], "functions": {"find_period": {"executed_lines": [56, 58, 61, 69, 70, 71, 72, 73, 74, 83, 85, 86, 88, 89, 91, 92, 93, 94, 95, 96, 97, 99, 100, 101, 104, 106, 107, 109, 110, 111, 113, 114, 115, 117, 118, 120, 121, 124, 125, 130, 133, 134, 135, 143, 144, 146, 148, 149, 150, 151, 152, 153, 154, 155, 156, 159, 163, 164, 165, 167, 185, 186, 187, 188, 189, 190, 191, 216], "summary": {"covered_lines": 68, "num_statements": 88, "percent_covered": 77.27272727272727, "percent_covered_display": "77", "missing_lines": 20, "excluded_lines": 0}, "missing_lines": [168, 169, 170, 171, 172, 173, 174, 175, 176, 203, 204, 207, 209, 210, 213, 218, 219, 220, 221, 222], "excluded_lines": []}, "": {"executed_lines": [1, 2, 3, 4, 5, 8, 12], "summary": {"covered_lines": 7, "num_statements": 7, "percent_covered": 100.0, "percent_covered_display": "100", "missing_lines": 0, "excluded_lines": 0}, "missing_lines": [], "excluded_lines": []}}, "classes": {"": {"executed_lines": [1, 2, 3, 4, 5, 8, 12, 56, 58, 61, 69, 70, 71, 72, 73, 74, 83, 85, 86, 88, 89, 91, 92, 93, 94, 95, 96, 97, 99, 100, 101, 104, 106, 107, 109, 110, 111, 113, 114, 115, 117, 118, 120, 121, 124, 125, 130, 133, 134, 135, 143, 144, 146, 148, 149, 150, 151, 152, 153, 154, 155, 156, 159, 163, 164, 165, 167, 185, 186, 187, 188, 189, 190, 191, 216], "summary": {"covered_lines": 75, "num_statements": 95, "percent_covered": 78.94736842105263, "percent_covered_display": "79", "missing_lines": 20, "excluded_lines": 0}, "missing_lines": [168, 169, 170, 171, 172, 173, 174, 175, 176, 203, 204, 207, 209, 210, 213, 218, 219, 220, 221, 222], "excluded_lines": []}}}, "app/sat_utils.py": {"executed_lines": [1, 2, 3, 4, 5, 6, 7, 9, 10, 11, 12, 13, 14, 15, 17, 18, 19, 20, 22, 23, 25, 26, 27, 29, 32, 45, 62, 69, 72, 73, 74, 76, 82, 83, 92, 93, 95, 96, 97, 98, 99, 102, 121, 140, 141, 150, 152, 153, 154, 155, 156, 160, 161, 162, 164, 165, 166, 167, 168, 169, 171, 172, 173, 174, 175, 176, 177, 179, 180, 181, 182, 184, 188, 189, 192, 195, 196, 199, 201, 202, 203, 204, 208, 215, 221, 230, 231, 232, 236, 238, 241, 244, 245, 248, 249, 250, 251, 252, 253, 254, 255, 256, 258, 259, 260, 261, 262, 263, 264, 266, 267, 270, 271, 273, 274, 275, 281, 282, 283, 284, 285, 286, 288, 295, 348, 502, 556, 685, 815, 823, 825, 827, 831, 832, 833, 834, 836, 837, 839, 842, 843, 845, 846, 848, 850, 857, 859, 860, 861, 863, 864, 866, 867, 870, 873, 874, 875, 876, 880, 881, 883, 885, 887, 897, 898, 900, 903, 1004, 1012, 1027, 1096, 1181, 1195, 1205], "summary": {"covered_lines": 174, "num_statements": 649, "percent_covered": 26.810477657935284, "percent_covered_display": "27", "missing_lines": 475, "excluded_lines": 0}, "missing_lines": [33, 34, 35, 36, 37, 38, 39, 40, 41, 42, 48, 49, 51, 53, 55, 56, 58, 59, 78, 103, 112, 113, 114, 115, 116, 117, 118, 122, 131, 132, 133, 134, 135, 136, 137, 151, 178, 223, 224, 228, 257, 297, 302, 304, 305, 310, 311, 314, 315, 316, 318, 319, 320, 321, 322, 324, 332, 333, 338, 342, 343, 344, 345, 349, 351, 352, 353, 354, 355, 356, 357, 358, 360, 361, 362, 363, 364, 365, 366, 367, 368, 369, 370, 374, 375, 378, 381, 382, 385, 387, 388, 389, 390, 394, 400, 406, 407, 408, 409, 411, 412, 413, 417, 419, 420, 422, 424, 425, 426, 427, 428, 429, 430, 431, 432, 433, 434, 436, 437, 439, 440, 442, 445, 446, 449, 450, 451, 452, 453, 454, 456, 463, 468, 470, 471, 473, 474, 476, 479, 480, 483, 484, 485, 486, 487, 489, 497, 498, 499, 503, 504, 507, 509, 510, 513, 514, 516, 522, 523, 525, 526, 530, 532, 534, 537, 548, 550, 553, 557, 561, 562, 566, 567, 570, 571, 573, 575, 581, 582, 585, 586, 588, 590, 591, 593, 594, 596, 598, 599, 601, 602, 603, 604, 605, 607, 608, 637, 638, 643, 654, 657, 659, 660, 661, 662, 663, 668, 670, 671, 672, 673, 674, 678, 680, 682, 686, 690, 691, 693, 694, 697, 699, 700, 702, 703, 709, 710, 711, 713, 715, 716, 718, 719, 721, 723, 724, 730, 731, 733, 734, 736, 737, 739, 740, 742, 743, 745, 747, 748, 750, 751, 752, 753, 754, 756, 757, 765, 766, 771, 782, 785, 787, 788, 789, 790, 791, 792, 797, 799, 800, 801, 802, 803, 804, 808, 810, 812, 824, 840, 877, 914, 915, 916, 921, 922, 924, 926, 928, 929, 931, 933, 940, 942, 943, 944, 948, 961, 962, 964, 965, 966, 967, 968, 970, 971, 973, 975, 976, 977, 979, 980, 981, 983, 985, 986, 988, 990, 991, 993, 995, 996, 998, 999, 1001, 1005, 1006, 1008, 1009, 1022, 1023, 1024, 1037, 1038, 1040, 1041, 1042, 1043, 1045, 1047, 1048, 1051, 1053, 1056, 1058, 1059, 1061, 1062, 1065, 1068, 1069, 1070, 1071, 1072, 1073, 1075, 1076, 1079, 1081, 1083, 1086, 1087, 1088, 1089, 1090, 1091, 1093, 1097, 1101, 1103, 1104, 1105, 1107, 1111, 1112, 1113, 1114, 1118, 1119, 1121, 1125, 1129, 1130, 1131, 1134, 1135, 1136, 1137, 1138, 1139, 1140, 1143, 1144, 1145, 1146, 1147, 1148, 1149, 1150, 1151, 1152, 1153, 1154, 1155, 1157, 1158, 1159, 1161, 1162, 1163, 1166, 1167, 1168, 1169, 1171, 1174, 1176, 1177, 1178, 1186, 1187, 1188, 1189, 1190, 1191, 1192, 1200, 1201, 1202, 1206, 1208, 1209, 1210, 1211, 1212, 1213, 1214, 1216, 1217, 1218, 1219, 1220, 1221, 1222, 1223, 1224, 1226, 1227, 1228, 1229, 1230, 1231, 1233, 1234, 1236, 1238, 1240, 1242, 1243, 1248, 1249, 1250, 1252, 1253, 1255, 1256, 1257, 1258, 1259, 1260, 1261, 1262, 1263, 1264, 1265, 1266], "excluded_lines": [], "functions": {"del_files_in_folder": {"executed_lines": [], "summary": {"covered_lines": 0, "num_statements": 10, "percent_covered": 0.0, "percent_covered_display": "0", "missing_lines": 10, "excluded_lines": 0}, "missing_lines": [33, 34, 35, 36, 37, 38, 39, 40, 41, 42], "excluded_lines": []}, "get_list_of_files": {"executed_lines": [], "summary": {"covered_lines": 0, "num_statements": 8, "percent_covered": 0.0, "percent_covered_display": "0", "missing_lines": 8, "excluded_lines": 0}, "missing_lines": [48, 49, 51, 53, 55, 56, 58, 59], "excluded_lines": []}, "add_lc": {"executed_lines": [69, 72, 73, 74, 76, 82, 83, 92, 93, 95, 96, 97, 98, 99, 102, 121, 140, 141, 150, 152, 153, 154, 155, 156], "summary": {"covered_lines": 24, "num_statements": 42, "percent_covered": 57.142857142857146, "percent_covered_display": "57", "missing_lines": 18, "excluded_lines": 0}, "missing_lines": [78, 103, 112, 113, 114, 115, 116, 117, 118, 122, 131, 132, 133, 134, 135, 136, 137, 151], "excluded_lines": []}, "process_lc_file": {"executed_lines": [161, 162, 164, 165, 166, 167, 168, 169, 171, 172, 173, 174, 175, 176, 177, 179, 180, 181, 182, 184, 188, 189, 192, 195, 196, 199, 201, 202, 203, 204, 208, 215, 221, 230, 231, 232, 236, 238, 241, 244, 245, 248, 249, 250, 251, 252, 253, 254, 255, 256, 258, 259, 260, 261, 262, 263, 264, 266, 267, 270, 271, 273, 274, 275, 281, 282, 283, 284, 285, 286, 288, 295], "summary": {"covered_lines": 72, "num_statements": 99, "percent_covered": 72.72727272727273, "percent_covered_display": "73", "missing_lines": 27, "excluded_lines": 0}, "missing_lines": [178, 223, 224, 228, 257, 297, 302, 304, 305, 310, 311, 314, 315, 316, 318, 319, 320, 321, 322, 324, 332, 333, 338, 342, 343, 344, 345], "excluded_lines": []}, "process_lc_files": {"executed_lines": [], "summary": {"covered_lines": 0, "num_statements": 86, "percent_covered": 0.0, "percent_covered_display": "0", "missing_lines": 86, "excluded_lines": 0}, "missing_lines": [349, 351, 352, 353, 354, 355, 356, 357, 358, 360, 361, 362, 363, 364, 365, 366, 367, 368, 369, 370, 374, 375, 378, 381, 382, 385, 387, 388, 389, 390, 394, 400, 406, 407, 408, 409, 411, 412, 413, 417, 419, 420, 422, 424, 425, 426, 427, 428, 429, 430, 431, 432, 433, 434, 436, 437, 439, 440, 442, 445, 446, 449, 450, 451, 452, 453, 454, 456, 463, 468, 470, 471, 473, 474, 476, 479, 480, 483, 484, 485, 486, 487, 489, 497, 498, 499], "excluded_lines": []}, "plot_periods_bokeh": {"executed_lines": [], "summary": {"covered_lines": 0, "num_statements": 19, "percent_covered": 0.0, "percent_covered_display": "0", "missing_lines": 19, "excluded_lines": 0}, "missing_lines": [503, 504, 507, 509, 510, 513, 514, 516, 522, 523, 525, 526, 530, 532, 534, 537, 548, 550, 553], "excluded_lines": []}, "plot_lc_bokeh": {"executed_lines": [], "summary": {"covered_lines": 0, "num_statements": 47, "percent_covered": 0.0, "percent_covered_display": "0", "missing_lines": 47, "excluded_lines": 0}, "missing_lines": [557, 561, 562, 566, 567, 570, 571, 573, 575, 581, 582, 585, 586, 588, 590, 591, 593, 594, 596, 598, 599, 601, 602, 603, 604, 605, 607, 608, 637, 638, 643, 654, 657, 659, 660, 661, 662, 663, 668, 670, 671, 672, 673, 674, 678, 680, 682], "excluded_lines": []}, "plot_lc_multi_bokeh": {"executed_lines": [], "summary": {"covered_lines": 0, "num_statements": 62, "percent_covered": 0.0, "percent_covered_display": "0", "missing_lines": 62, "excluded_lines": 0}, "missing_lines": [686, 690, 691, 693, 694, 697, 699, 700, 702, 703, 709, 710, 711, 713, 715, 716, 718, 719, 721, 723, 724, 730, 731, 733, 734, 736, 737, 739, 740, 742, 743, 745, 747, 748, 750, 751, 752, 753, 754, 756, 757, 765, 766, 771, 782, 785, 787, 788, 789, 790, 791, 792, 797, 799, 800, 801, 802, 803, 804, 808, 810, 812], "excluded_lines": []}, "lsp_calc": {"executed_lines": [823, 825, 827, 831, 832, 833, 834, 836, 837, 839, 842, 843, 845, 846, 848, 850, 857, 859, 860, 861, 863, 864, 866, 867, 870], "summary": {"covered_lines": 25, "num_statements": 27, "percent_covered": 92.5925925925926, "percent_covered_display": "93", "missing_lines": 2, "excluded_lines": 0}, "missing_lines": [824, 840], "excluded_lines": []}, "detect_period": {"executed_lines": [874, 875, 876, 880, 881, 883, 885, 887, 897, 898, 900], "summary": {"covered_lines": 11, "num_statements": 12, "percent_covered": 91.66666666666667, "percent_covered_display": "92", "missing_lines": 1, "excluded_lines": 0}, "missing_lines": [877], "excluded_lines": []}, "lsp_plot_bokeh": {"executed_lines": [], "summary": {"covered_lines": 0, "num_statements": 44, "percent_covered": 0.0, "percent_covered_display": "0", "missing_lines": 44, "excluded_lines": 0}, "missing_lines": [914, 915, 916, 921, 922, 924, 926, 928, 929, 931, 933, 940, 942, 943, 944, 948, 961, 962, 964, 965, 966, 967, 968, 970, 971, 973, 975, 976, 977, 979, 980, 981, 983, 985, 986, 988, 990, 991, 993, 995, 996, 998, 999, 1001], "excluded_lines": []}, "norm_lc": {"executed_lines": [], "summary": {"covered_lines": 0, "num_statements": 4, "percent_covered": 0.0, "percent_covered_display": "0", "missing_lines": 4, "excluded_lines": 0}, "missing_lines": [1005, 1006, 1008, 1009], "excluded_lines": []}, "get_phases": {"executed_lines": [], "summary": {"covered_lines": 0, "num_statements": 3, "percent_covered": 0.0, "percent_covered_display": "0", "missing_lines": 3, "excluded_lines": 0}, "missing_lines": [1022, 1023, 1024], "excluded_lines": []}, "plot_phased_lc": {"executed_lines": [], "summary": {"covered_lines": 0, "num_statements": 35, "percent_covered": 0.0, "percent_covered_display": "0", "missing_lines": 35, "excluded_lines": 0}, "missing_lines": [1037, 1038, 1040, 1041, 1042, 1043, 1045, 1047, 1048, 1051, 1053, 1056, 1058, 1059, 1061, 1062, 1065, 1068, 1069, 1070, 1071, 1072, 1073, 1075, 1076, 1079, 1081, 1083, 1086, 1087, 1088, 1089, 1090, 1091, 1093], "excluded_lines": []}, "plot_lc": {"executed_lines": [], "summary": {"covered_lines": 0, "num_statements": 52, "percent_covered": 0.0, "percent_covered_display": "0", "missing_lines": 52, "excluded_lines": 0}, "missing_lines": [1097, 1101, 1103, 1104, 1105, 1107, 1111, 1112, 1113, 1114, 1118, 1119, 1121, 1125, 1129, 1130, 1131, 1134, 1135, 1136, 1137, 1138, 1139, 1140, 1143, 1144, 1145, 1146, 1147, 1148, 1149, 1150, 1151, 1152, 1153, 1154, 1155, 1157, 1158, 1159, 1161, 1162, 1163, 1166, 1167, 1168, 1169, 1171, 1174, 1176, 1177, 1178], "excluded_lines": []}, "calc_period_for_all_lc": {"executed_lines": [], "summary": {"covered_lines": 0, "num_statements": 7, "percent_covered": 0.0, "percent_covered_display": "0", "missing_lines": 7, "excluded_lines": 0}, "missing_lines": [1186, 1187, 1188, 1189, 1190, 1191, 1192], "excluded_lines": []}, "calc_sat_updated_for_all_sat": {"executed_lines": [], "summary": {"covered_lines": 0, "num_statements": 3, "percent_covered": 0.0, "percent_covered_display": "0", "missing_lines": 3, "excluded_lines": 0}, "missing_lines": [1200, 1201, 1202], "excluded_lines": []}, "lc_to_file": {"executed_lines": [], "summary": {"covered_lines": 0, "num_statements": 47, "percent_covered": 0.0, "percent_covered_display": "0", "missing_lines": 47, "excluded_lines": 0}, "missing_lines": [1206, 1208, 1209, 1210, 1211, 1212, 1213, 1214, 1216, 1217, 1218, 1219, 1220, 1221, 1222, 1223, 1224, 1226, 1227, 1228, 1229, 1230, 1231, 1233, 1234, 1236, 1238, 1240, 1242, 1243, 1248, 1249, 1250, 1252, 1253, 1255, 1256, 1257, 1258, 1259, 1260, 1261, 1262, 1263, 1264, 1265, 1266], "excluded_lines": []}, "": {"executed_lines": [1, 2, 3, 4, 5, 6, 7, 9, 10, 11, 12, 13, 14, 15, 17, 18, 19, 20, 22, 23, 25, 26, 27, 29, 32, 45, 62, 160, 348, 502, 556, 685, 815, 873, 903, 1004, 1012, 1027, 1096, 1181, 1195, 1205], "summary": {"covered_lines": 42, "num_statements": 42, "percent_covered": 100.0, "percent_covered_display": "100", "missing_lines": 0, "excluded_lines": 0}, "missing_lines": [], "excluded_lines": []}}, "classes": {"": {"executed_lines": [1, 2, 3, 4, 5, 6, 7, 9, 10, 11, 12, 13, 14, 15, 17, 18, 19, 20, 22, 23, 25, 26, 27, 29, 32, 45, 62, 69, 72, 73, 74, 76, 82, 83, 92, 93, 95, 96, 97, 98, 99, 102, 121, 140, 141, 150, 152, 153, 154, 155, 156, 160, 161, 162, 164, 165, 166, 167, 168, 169, 171, 172, 173, 174, 175, 176, 177, 179, 180, 181, 182, 184, 188, 189, 192, 195, 196, 199, 201, 202, 203, 204, 208, 215, 221, 230, 231, 232, 236, 238, 241, 244, 245, 248, 249, 250, 251, 252, 253, 254, 255, 256, 258, 259, 260, 261, 262, 263, 264, 266, 267, 270, 271, 273, 274, 275, 281, 282, 283, 284, 285, 286, 288, 295, 348, 502, 556, 685, 815, 823, 825, 827, 831, 832, 833, 834, 836, 837, 839, 842, 843, 845, 846, 848, 850, 857, 859, 860, 861, 863, 864, 866, 867, 870, 873, 874, 875, 876, 880, 881, 883, 885, 887, 897, 898, 900, 903, 1004, 1012, 1027, 1096, 1181, 1195, 1205], "summary": {"covered_lines": 174, "num_statements": 649, "percent_covered": 26.810477657935284, "percent_covered_display": "27", "missing_lines": 475, "excluded_lines": 0}, "missing_lines": [33, 34, 35, 36, 37, 38, 39, 40, 41, 42, 48, 49, 51, 53, 55, 56, 58, 59, 78, 103, 112, 113, 114, 115, 116, 117, 118, 122, 131, 132, 133, 134, 135, 136, 137, 151, 178, 223, 224, 228, 257, 297, 302, 304, 305, 310, 311, 314, 315, 316, 318, 319, 320, 321, 322, 324, 332, 333, 338, 342, 343, 344, 345, 349, 351, 352, 353, 354, 355, 356, 357, 358, 360, 361, 362, 363, 364, 365, 366, 367, 368, 369, 370, 374, 375, 378, 381, 382, 385, 387, 388, 389, 390, 394, 400, 406, 407, 408, 409, 411, 412, 413, 417, 419, 420, 422, 424, 425, 426, 427, 428, 429, 430, 431, 432, 433, 434, 436, 437, 439, 440, 442, 445, 446, 449, 450, 451, 452, 453, 454, 456, 463, 468, 470, 471, 473, 474, 476, 479, 480, 483, 484, 485, 486, 487, 489, 497, 498, 499, 503, 504, 507, 509, 510, 513, 514, 516, 522, 523, 525, 526, 530, 532, 534, 537, 548, 550, 553, 557, 561, 562, 566, 567, 570, 571, 573, 575, 581, 582, 585, 586, 588, 590, 591, 593, 594, 596, 598, 599, 601, 602, 603, 604, 605, 607, 608, 637, 638, 643, 654, 657, 659, 660, 661, 662, 663, 668, 670, 671, 672, 673, 674, 678, 680, 682, 686, 690, 691, 693, 694, 697, 699, 700, 702, 703, 709, 710, 711, 713, 715, 716, 718, 719, 721, 723, 724, 730, 731, 733, 734, 736, 737, 739, 740, 742, 743, 745, 747, 748, 750, 751, 752, 753, 754, 756, 757, 765, 766, 771, 782, 785, 787, 788, 789, 790, 791, 792, 797, 799, 800, 801, 802, 803, 804, 808, 810, 812, 824, 840, 877, 914, 915, 916, 921, 922, 924, 926, 928, 929, 931, 933, 940, 942, 943, 944, 948, 961, 962, 964, 965, 966, 967, 968, 970, 971, 973, 975, 976, 977, 979, 980, 981, 983, 985, 986, 988, 990, 991, 993, 995, 996, 998, 999, 1001, 1005, 1006, 1008, 1009, 1022, 1023, 1024, 1037, 1038, 1040, 1041, 1042, 1043, 1045, 1047, 1048, 1051, 1053, 1056, 1058, 1059, 1061, 1062, 1065, 1068, 1069, 1070, 1071, 1072, 1073, 1075, 1076, 1079, 1081, 1083, 1086, 1087, 1088, 1089, 1090, 1091, 1093, 1097, 1101, 1103, 1104, 1105, 1107, 1111, 1112, 1113, 1114, 1118, 1119, 1121, 1125, 1129, 1130, 1131, 1134, 1135, 1136, 1137, 1138, 1139, 1140, 1143, 1144, 1145, 1146, 1147, 1148, 1149, 1150, 1151, 1152, 1153, 1154, 1155, 1157, 1158, 1159, 1161, 1162, 1163, 1166, 1167, 1168, 1169, 1171, 1174, 1176, 1177, 1178, 1186, 1187, 1188, 1189, 1190, 1191, 1192, 1200, 1201, 1202, 1206, 1208, 1209, 1210, 1211, 1212, 1213, 1214, 1216, 1217, 1218, 1219, 1220, 1221, 1222, 1223, 1224, 1226, 1227, 1228, 1229, 1230, 1231, 1233, 1234, 1236, 1238, 1240, 1242, 1243, 1248, 1249, 1250, 1252, 1253, 1255, 1256, 1257, 1258, 1259, 1260, 1261, 1262, 1263, 1264, 1265, 1266], "excluded_lines": []}}}, "app/star_util.py": {"executed_lines": [1, 2, 3, 4, 5, 6, 7, 9, 10, 11, 12, 13, 16, 29, 31, 35, 41, 44, 77, 78, 79, 80, 82, 84, 85, 86, 89, 160, 233, 294, 295, 296, 297, 298, 299, 419, 420, 421, 422, 423, 424, 426, 427, 428, 429, 430, 432, 433, 434, 436, 437, 438, 440, 441, 442, 445, 448, 457, 459, 460, 461, 462, 464, 465, 466, 467, 468, 469, 470, 471, 472, 474, 475, 476, 477, 478, 479, 481, 482, 484, 490, 491, 493, 496, 497, 499, 500, 505, 506, 509, 510, 511, 514, 516, 519, 532, 535, 537, 538, 539, 540, 541, 542, 546, 548, 549, 550, 553], "summary": {"covered_lines": 108, "num_statements": 305, "percent_covered": 35.40983606557377, "percent_covered_display": "35", "missing_lines": 197, "excluded_lines": 0}, "missing_lines": [30, 32, 45, 46, 47, 48, 49, 50, 51, 53, 54, 55, 56, 57, 58, 60, 62, 63, 65, 66, 67, 69, 70, 71, 73, 74, 81, 90, 91, 92, 93, 94, 95, 96, 97, 98, 99, 100, 101, 102, 104, 106, 107, 108, 109, 110, 111, 112, 113, 115, 117, 118, 119, 120, 121, 122, 124, 125, 126, 127, 128, 129, 130, 131, 132, 133, 135, 136, 137, 138, 139, 141, 142, 143, 144, 145, 146, 147, 148, 149, 150, 152, 155, 157, 161, 162, 163, 164, 165, 166, 167, 168, 169, 170, 171, 173, 174, 175, 176, 177, 178, 179, 180, 181, 182, 183, 184, 185, 186, 187, 188, 190, 191, 192, 193, 194, 196, 197, 198, 199, 200, 201, 202, 203, 204, 205, 207, 208, 209, 210, 211, 216, 217, 218, 220, 222, 223, 226, 227, 228, 230, 234, 235, 236, 237, 238, 239, 240, 241, 242, 244, 245, 246, 247, 248, 250, 251, 252, 253, 254, 255, 256, 257, 258, 259, 261, 262, 263, 264, 265, 266, 268, 269, 277, 278, 279, 281, 283, 284, 287, 288, 289, 291, 439, 449, 450, 451, 453, 455, 556, 557, 559, 561, 563, 564, 566, 568], "excluded_lines": [], "functions": {"get_julian_datetime": {"executed_lines": [29, 31, 35, 41], "summary": {"covered_lines": 4, "num_statements": 6, "percent_covered": 66.66666666666667, "percent_covered_display": "67", "missing_lines": 2, "excluded_lines": 0}, "missing_lines": [30, 32], "excluded_lines": []}, "phase2str": {"executed_lines": [], "summary": {"covered_lines": 0, "num_statements": 24, "percent_covered": 0.0, "percent_covered_display": "0", "missing_lines": 24, "excluded_lines": 0}, "missing_lines": [45, 46, 47, 48, 49, 50, 51, 53, 54, 55, 56, 57, 58, 60, 62, 63, 65, 66, 67, 69, 70, 71, 73, 74], "excluded_lines": []}, "t2phases": {"executed_lines": [78, 79, 80, 82, 84, 85, 86], "summary": {"covered_lines": 7, "num_statements": 8, "percent_covered": 87.5, "percent_covered_display": "88", "missing_lines": 1, "excluded_lines": 0}, "missing_lines": [81], "excluded_lines": []}, "read_stars": {"executed_lines": [], "summary": {"covered_lines": 0, "num_statements": 57, "percent_covered": 0.0, "percent_covered_display": "0", "missing_lines": 57, "excluded_lines": 0}, "missing_lines": [90, 91, 92, 93, 94, 95, 96, 97, 98, 99, 100, 101, 102, 104, 106, 107, 108, 109, 110, 111, 112, 113, 115, 117, 118, 119, 120, 121, 122, 124, 125, 126, 127, 128, 129, 130, 131, 132, 133, 135, 136, 137, 138, 139, 141, 142, 143, 144, 145, 146, 147, 148, 149, 150, 152, 155, 157], "excluded_lines": []}, "read_stars_json": {"executed_lines": [], "summary": {"covered_lines": 0, "num_statements": 57, "percent_covered": 0.0, "percent_covered_display": "0", "missing_lines": 57, "excluded_lines": 0}, "missing_lines": [161, 162, 163, 164, 165, 166, 167, 168, 169, 170, 171, 173, 174, 175, 176, 177, 178, 179, 180, 181, 182, 183, 184, 185, 186, 187, 188, 190, 191, 192, 193, 194, 196, 197, 198, 199, 200, 201, 202, 203, 204, 205, 207, 208, 209, 210, 211, 216, 217, 218, 220, 222, 223, 226, 227, 228, 230], "excluded_lines": []}, "read_stars_from_db": {"executed_lines": [], "summary": {"covered_lines": 0, "num_statements": 42, "percent_covered": 0.0, "percent_covered_display": "0", "missing_lines": 42, "excluded_lines": 0}, "missing_lines": [234, 235, 236, 237, 238, 239, 240, 241, 242, 244, 245, 246, 247, 248, 250, 251, 252, 253, 254, 255, 256, 257, 258, 259, 261, 262, 263, 264, 265, 266, 268, 269, 277, 278, 279, 281, 283, 284, 287, 288, 289, 291], "excluded_lines": []}, "date_linspace": {"executed_lines": [295, 296, 297, 298, 299], "summary": {"covered_lines": 5, "num_statements": 5, "percent_covered": 100.0, "percent_covered_display": "100", "missing_lines": 0, "excluded_lines": 0}, "missing_lines": [], "excluded_lines": []}, "plot_star_bokeh": {"executed_lines": [420, 421, 422, 423, 424, 426, 427, 428, 429, 430, 432, 433, 434, 436, 437, 438, 440, 441, 442, 445, 448, 457, 459, 460, 461, 462, 464, 465, 466, 467, 468, 469, 470, 471, 472, 474, 475, 476, 477, 478, 479, 481, 482, 484, 490, 491, 493, 496, 497, 499, 500, 505, 506, 509, 510, 511, 514, 516, 519, 532, 535, 537, 538, 539, 540, 541, 542, 546, 548, 549, 550], "summary": {"covered_lines": 71, "num_statements": 77, "percent_covered": 92.20779220779221, "percent_covered_display": "92", "missing_lines": 6, "excluded_lines": 0}, "missing_lines": [439, 449, 450, 451, 453, 455], "excluded_lines": []}, "getListOfFiles": {"executed_lines": [], "summary": {"covered_lines": 0, "num_statements": 8, "percent_covered": 0.0, "percent_covered_display": "0", "missing_lines": 8, "excluded_lines": 0}, "missing_lines": [556, 557, 559, 561, 563, 564, 566, 568], "excluded_lines": []}, "": {"executed_lines": [1, 2, 3, 4, 5, 6, 7, 9, 10, 11, 12, 13, 16, 44, 77, 89, 160, 233, 294, 419, 553], "summary": {"covered_lines": 21, "num_statements": 21, "percent_covered": 100.0, "percent_covered_display": "100", "missing_lines": 0, "excluded_lines": 0}, "missing_lines": [], "excluded_lines": []}}, "classes": {"": {"executed_lines": [1, 2, 3, 4, 5, 6, 7, 9, 10, 11, 12, 13, 16, 29, 31, 35, 41, 44, 77, 78, 79, 80, 82, 84, 85, 86, 89, 160, 233, 294, 295, 296, 297, 298, 299, 419, 420, 421, 422, 423, 424, 426, 427, 428, 429, 430, 432, 433, 434, 436, 437, 438, 440, 441, 442, 445, 448, 457, 459, 460, 461, 462, 464, 465, 466, 467, 468, 469, 470, 471, 472, 474, 475, 476, 477, 478, 479, 481, 482, 484, 490, 491, 493, 496, 497, 499, 500, 505, 506, 509, 510, 511, 514, 516, 519, 532, 535, 537, 538, 539, 540, 541, 542, 546, 548, 549, 550, 553], "summary": {"covered_lines": 108, "num_statements": 305, "percent_covered": 35.40983606557377, "percent_covered_display": "35", "missing_lines": 197, "excluded_lines": 0}, "missing_lines": [30, 32, 45, 46, 47, 48, 49, 50, 51, 53, 54, 55, 56, 57, 58, 60, 62, 63, 65, 66, 67, 69, 70, 71, 73, 74, 81, 90, 91, 92, 93, 94, 95, 96, 97, 98, 99, 100, 101, 102, 104, 106, 107, 108, 109, 110, 111, 112, 113, 115, 117, 118, 119, 120, 121, 122, 124, 125, 126, 127, 128, 129, 130, 131, 132, 133, 135, 136, 137, 138, 139, 141, 142, 143, 144, 145, 146, 147, 148, 149, 150, 152, 155, 157, 161, 162, 163, 164, 165, 166, 167, 168, 169, 170, 171, 173, 174, 175, 176, 177, 178, 179, 180, 181, 182, 183, 184, 185, 186, 187, 188, 190, 191, 192, 193, 194, 196, 197, 198, 199, 200, 201, 202, 203, 204, 205, 207, 208, 209, 210, 211, 216, 217, 218, 220, 222, 223, 226, 227, 228, 230, 234, 235, 236, 237, 238, 239, 240, 241, 242, 244, 245, 246, 247, 248, 250, 251, 252, 253, 254, 255, 256, 257, 258, 259, 261, 262, 263, 264, 265, 266, 268, 269, 277, 278, 279, 281, 283, 284, 287, 288, 289, 291, 439, 449, 450, 451, 453, 455, 556, 557, 559, 561, 563, 564, 566, 568], "excluded_lines": []}}}, "app/views/__init__.py": {"executed_lines": [1, 2, 3, 4, 5], "summary": {"covered_lines": 5, "num_statements": 5, "percent_covered": 100.0, "percent_covered_display": "100", "missing_lines": 0, "excluded_lines": 0}, "missing_lines": [], "excluded_lines": [], "functions": {"": {"executed_lines": [1, 2, 3, 4, 5], "summary": {"covered_lines": 5, "num_statements": 5, "percent_covered": 100.0, "percent_covered_display": "100", "missing_lines": 0, "excluded_lines": 0}, "missing_lines": [], "excluded_lines": []}}, "classes": {"": {"executed_lines": [1, 2, 3, 4, 5], "summary": {"covered_lines": 5, "num_statements": 5, "percent_covered": 100.0, "percent_covered_display": "100", "missing_lines": 0, "excluded_lines": 0}, "missing_lines": [], "excluded_lines": []}}}, "app/views/auth.py": {"executed_lines": [1, 2, 3, 4, 5, 8, 9, 12, 15, 21, 22, 24, 26, 28, 31, 34, 36, 39, 40, 42, 44, 48, 49, 50, 58, 59, 61, 64, 65, 66, 67, 68, 69, 71, 72, 77, 78, 79, 80, 81, 82, 85, 86, 87, 95, 96, 97, 99, 100, 101, 102, 108, 109, 110, 111], "summary": {"covered_lines": 55, "num_statements": 65, "percent_covered": 84.61538461538461, "percent_covered_display": "85", "missing_lines": 10, "excluded_lines": 0}, "missing_lines": [16, 17, 18, 74, 75, 88, 89, 90, 92, 113], "excluded_lines": [], "functions": {"validate_username": {"executed_lines": [], "summary": {"covered_lines": 0, "num_statements": 3, "percent_covered": 0.0, "percent_covered_display": "0", "missing_lines": 3, "excluded_lines": 0}, "missing_lines": [16, 17, 18], "excluded_lines": []}, "login": {"executed_lines": [50, 58, 59, 61, 64, 65, 66, 67, 68, 69, 71, 72, 77, 78, 79, 80, 81, 82], "summary": {"covered_lines": 18, "num_statements": 20, "percent_covered": 90.0, "percent_covered_display": "90", "missing_lines": 2, "excluded_lines": 0}, "missing_lines": [74, 75], "excluded_lines": []}, "logout": {"executed_lines": [], "summary": {"covered_lines": 0, "num_statements": 4, "percent_covered": 0.0, "percent_covered_display": "0", "missing_lines": 4, "excluded_lines": 0}, "missing_lines": [88, 89, 90, 92], "excluded_lines": []}, "register": {"executed_lines": [97, 99, 100, 101, 102, 108, 109, 110, 111], "summary": {"covered_lines": 9, "num_statements": 10, "percent_covered": 90.0, "percent_covered_display": "90", "missing_lines": 1, "excluded_lines": 0}, "missing_lines": [113], "excluded_lines": []}, "": {"executed_lines": [1, 2, 3, 4, 5, 8, 9, 12, 15, 21, 22, 24, 26, 28, 31, 34, 36, 39, 40, 42, 44, 48, 49, 85, 86, 87, 95, 96], "summary": {"covered_lines": 28, "num_statements": 28, "percent_covered": 100.0, "percent_covered_display": "100", "missing_lines": 0, "excluded_lines": 0}, "missing_lines": [], "excluded_lines": []}}, "classes": {"RegisterForm": {"executed_lines": [], "summary": {"covered_lines": 0, "num_statements": 0, "percent_covered": 100.0, "percent_covered_display": "100", "missing_lines": 0, "excluded_lines": 0}, "missing_lines": [], "excluded_lines": []}, "LoginForm": {"executed_lines": [], "summary": {"covered_lines": 0, "num_statements": 0, "percent_covered": 100.0, "percent_covered_display": "100", "missing_lines": 0, "excluded_lines": 0}, "missing_lines": [], "excluded_lines": []}, "": {"executed_lines": [1, 2, 3, 4, 5, 8, 9, 12, 15, 21, 22, 24, 26, 28, 31, 34, 36, 39, 40, 42, 44, 48, 49, 50, 58, 59, 61, 64, 65, 66, 67, 68, 69, 71, 72, 77, 78, 79, 80, 81, 82, 85, 86, 87, 95, 96, 97, 99, 100, 101, 102, 108, 109, 110, 111], "summary": {"covered_lines": 55, "num_statements": 65, "percent_covered": 84.61538461538461, "percent_covered_display": "85", "missing_lines": 10, "excluded_lines": 0}, "missing_lines": [16, 17, 18, 74, 75, 88, 89, 90, 92, 113], "excluded_lines": []}}}, "app/views/eb.py": {"executed_lines": [1, 2, 3, 4, 5, 7, 9, 10, 11, 13, 17, 18, 19, 22, 23, 24, 46, 50, 52, 53, 54, 55, 65, 66, 67, 69, 70, 74, 75, 77, 78, 81, 82, 83, 84, 85, 87, 89, 90, 97, 112, 113, 114, 119, 120, 245, 246, 274, 275, 277, 279, 281, 284, 285, 287, 289, 291, 293, 295, 297], "summary": {"covered_lines": 60, "num_statements": 125, "percent_covered": 48.0, "percent_covered_display": "48", "missing_lines": 65, "excluded_lines": 0}, "missing_lines": [91, 94, 115, 116, 121, 122, 125, 126, 132, 138, 139, 140, 141, 142, 143, 144, 147, 148, 149, 150, 151, 156, 160, 163, 168, 172, 173, 174, 175, 176, 181, 185, 188, 192, 195, 196, 197, 200, 201, 202, 203, 204, 205, 208, 209, 214, 215, 216, 217, 218, 220, 223, 242, 247, 248, 249, 250, 251, 253, 254, 256, 258, 265, 266, 268], "excluded_lines": [], "functions": {"eb_phot": {"executed_lines": [19], "summary": {"covered_lines": 1, "num_statements": 1, "percent_covered": 100.0, "percent_covered_display": "100", "missing_lines": 0, "excluded_lines": 0}, "missing_lines": [], "excluded_lines": []}, "eb_list": {"executed_lines": [46, 50, 52, 53, 54, 55, 65, 66, 67, 69, 70, 74, 75, 77, 78], "summary": {"covered_lines": 15, "num_statements": 15, "percent_covered": 100.0, "percent_covered_display": "100", "missing_lines": 0, "excluded_lines": 0}, "missing_lines": [], "excluded_lines": []}, "details": {"executed_lines": [85, 87, 89, 90, 97], "summary": {"covered_lines": 5, "num_statements": 7, "percent_covered": 71.42857142857143, "percent_covered_display": "71", "missing_lines": 2, "excluded_lines": 0}, "missing_lines": [91, 94], "excluded_lines": []}, "del_eb": {"executed_lines": [], "summary": {"covered_lines": 0, "num_statements": 2, "percent_covered": 0.0, "percent_covered_display": "0", "missing_lines": 2, "excluded_lines": 0}, "missing_lines": [115, 116], "excluded_lines": []}, "get_stars_query": {"executed_lines": [], "summary": {"covered_lines": 0, "num_statements": 49, "percent_covered": 0.0, "percent_covered_display": "0", "missing_lines": 49, "excluded_lines": 0}, "missing_lines": [121, 122, 125, 126, 132, 138, 139, 140, 141, 142, 143, 144, 147, 148, 149, 150, 151, 156, 160, 163, 168, 172, 173, 174, 175, 176, 181, 185, 188, 192, 195, 196, 197, 200, 201, 202, 203, 204, 205, 208, 209, 214, 215, 216, 217, 218, 220, 223, 242], "excluded_lines": []}, "ajax_file_eb": {"executed_lines": [], "summary": {"covered_lines": 0, "num_statements": 12, "percent_covered": 0.0, "percent_covered_display": "0", "missing_lines": 12, "excluded_lines": 0}, "missing_lines": [247, 248, 249, 250, 251, 253, 254, 256, 258, 265, 266, 268], "excluded_lines": []}, "": {"executed_lines": [1, 2, 3, 4, 5, 7, 9, 10, 11, 13, 17, 18, 22, 23, 24, 81, 82, 83, 84, 112, 113, 114, 119, 120, 245, 246, 274, 275, 277, 279, 281, 284, 285, 287, 289, 291, 293, 295, 297], "summary": {"covered_lines": 39, "num_statements": 39, "percent_covered": 100.0, "percent_covered_display": "100", "missing_lines": 0, "excluded_lines": 0}, "missing_lines": [], "excluded_lines": []}}, "classes": {"AddObsForm": {"executed_lines": [], "summary": {"covered_lines": 0, "num_statements": 0, "percent_covered": 100.0, "percent_covered_display": "100", "missing_lines": 0, "excluded_lines": 0}, "missing_lines": [], "excluded_lines": []}, "AddEBForm": {"executed_lines": [], "summary": {"covered_lines": 0, "num_statements": 0, "percent_covered": 100.0, "percent_covered_display": "100", "missing_lines": 0, "excluded_lines": 0}, "missing_lines": [], "excluded_lines": []}, "": {"executed_lines": [1, 2, 3, 4, 5, 7, 9, 10, 11, 13, 17, 18, 19, 22, 23, 24, 46, 50, 52, 53, 54, 55, 65, 66, 67, 69, 70, 74, 75, 77, 78, 81, 82, 83, 84, 85, 87, 89, 90, 97, 112, 113, 114, 119, 120, 245, 246, 274, 275, 277, 279, 281, 284, 285, 287, 289, 291, 293, 295, 297], "summary": {"covered_lines": 60, "num_statements": 125, "percent_covered": 48.0, "percent_covered_display": "48", "missing_lines": 65, "excluded_lines": 0}, "missing_lines": [91, 94, 115, 116, 121, 122, 125, 126, 132, 138, 139, 140, 141, 142, 143, 144, 147, 148, 149, 150, 151, 156, 160, 163, 168, 172, 173, 174, 175, 176, 181, 185, 188, 192, 195, 196, 197, 200, 201, 202, 203, 204, 205, 208, 209, 214, 215, 216, 217, 218, 220, 223, 242, 247, 248, 249, 250, 251, 253, 254, 256, 258, 265, 266, 268], "excluded_lines": []}}}, "app/views/home.py": {"executed_lines": [1, 4, 7, 8, 9, 15, 18, 19, 20, 23, 24, 25], "summary": {"covered_lines": 12, "num_statements": 12, "percent_covered": 100.0, "percent_covered_display": "100", "missing_lines": 0, "excluded_lines": 0}, "missing_lines": [], "excluded_lines": [], "functions": {"index": {"executed_lines": [15], "summary": {"covered_lines": 1, "num_statements": 1, "percent_covered": 100.0, "percent_covered_display": "100", "missing_lines": 0, "excluded_lines": 0}, "missing_lines": [], "excluded_lines": []}, "about": {"executed_lines": [20], "summary": {"covered_lines": 1, "num_statements": 1, "percent_covered": 100.0, "percent_covered_display": "100", "missing_lines": 0, "excluded_lines": 0}, "missing_lines": [], "excluded_lines": []}, "contact": {"executed_lines": [25], "summary": {"covered_lines": 1, "num_statements": 1, "percent_covered": 100.0, "percent_covered_display": "100", "missing_lines": 0, "excluded_lines": 0}, "missing_lines": [], "excluded_lines": []}, "": {"executed_lines": [1, 4, 7, 8, 9, 18, 19, 23, 24], "summary": {"covered_lines": 9, "num_statements": 9, "percent_covered": 100.0, "percent_covered_display": "100", "missing_lines": 0, "excluded_lines": 0}, "missing_lines": [], "excluded_lines": []}}, "classes": {"": {"executed_lines": [1, 4, 7, 8, 9, 15, 18, 19, 20, 23, 24, 25], "summary": {"covered_lines": 12, "num_statements": 12, "percent_covered": 100.0, "percent_covered_display": "100", "missing_lines": 0, "excluded_lines": 0}, "missing_lines": [], "excluded_lines": []}}}, "app/views/sat.py": {"executed_lines": [1, 3, 4, 5, 6, 7, 8, 9, 10, 11, 13, 14, 15, 19, 21, 22, 25, 53, 54, 55, 64, 65, 67, 68, 70, 71, 72, 73, 79, 80, 82, 83, 84, 85, 86, 87, 88, 89, 90, 91, 92, 93, 94, 103, 104, 132, 133, 134, 141, 142, 143, 158, 159, 160, 169, 170, 171, 205, 206, 207, 212, 214, 267, 268, 307, 308, 356, 357, 425, 426, 440, 441, 442, 445, 448, 449, 450, 456, 457, 458, 459], "summary": {"covered_lines": 81, "num_statements": 256, "percent_covered": 31.640625, "percent_covered_display": "32", "missing_lines": 175, "excluded_lines": 0}, "missing_lines": [26, 27, 34, 37, 38, 39, 40, 41, 42, 45, 46, 47, 48, 50, 96, 98, 100, 102, 106, 107, 108, 110, 111, 112, 114, 115, 119, 122, 123, 124, 125, 128, 129, 135, 137, 147, 148, 150, 155, 161, 162, 163, 165, 166, 172, 173, 175, 176, 177, 179, 181, 182, 183, 186, 187, 189, 190, 192, 194, 195, 196, 198, 199, 200, 202, 203, 208, 209, 215, 216, 218, 219, 224, 230, 231, 232, 234, 235, 236, 238, 239, 240, 242, 243, 244, 245, 246, 247, 248, 249, 255, 256, 258, 259, 260, 262, 264, 269, 270, 271, 274, 275, 277, 278, 280, 282, 291, 298, 299, 301, 309, 310, 311, 314, 315, 319, 322, 323, 324, 326, 327, 328, 329, 330, 331, 332, 333, 334, 335, 336, 337, 338, 339, 340, 341, 346, 347, 348, 349, 350, 352, 353, 358, 359, 360, 361, 362, 364, 365, 367, 369, 370, 371, 372, 373, 374, 375, 378, 379, 381, 383, 384, 395, 408, 416, 417, 419, 427, 428, 430, 431, 432, 434, 435, 437], "excluded_lines": [], "functions": {"generate_report": {"executed_lines": [], "summary": {"covered_lines": 0, "num_statements": 14, "percent_covered": 0.0, "percent_covered_display": "0", "missing_lines": 14, "excluded_lines": 0}, "missing_lines": [26, 27, 34, 37, 38, 39, 40, 41, 42, 45, 46, 47, 48, 50], "excluded_lines": []}, "sat_phot": {"executed_lines": [64, 65, 67, 68, 70, 71, 72, 73, 79, 80, 82, 83, 84, 85, 86, 87, 88, 89, 90, 91, 92, 93, 94, 103, 104], "summary": {"covered_lines": 25, "num_statements": 44, "percent_covered": 56.81818181818182, "percent_covered_display": "57", "missing_lines": 19, "excluded_lines": 0}, "missing_lines": [96, 98, 100, 102, 106, 107, 108, 110, 111, 112, 114, 115, 119, 122, 123, 124, 125, 128, 129], "excluded_lines": []}, "sat_details": {"executed_lines": [], "summary": {"covered_lines": 0, "num_statements": 2, "percent_covered": 0.0, "percent_covered_display": "0", "missing_lines": 2, "excluded_lines": 0}, "missing_lines": [135, 137], "excluded_lines": []}, "sat_lc_plot": {"executed_lines": [], "summary": {"covered_lines": 0, "num_statements": 4, "percent_covered": 0.0, "percent_covered_display": "0", "missing_lines": 4, "excluded_lines": 0}, "missing_lines": [147, 148, 150, 155], "excluded_lines": []}, "sat_plot_periods": {"executed_lines": [], "summary": {"covered_lines": 0, "num_statements": 5, "percent_covered": 0.0, "percent_covered_display": "0", "missing_lines": 5, "excluded_lines": 0}, "missing_lines": [161, 162, 163, 165, 166], "excluded_lines": []}, "sat_lc_period_plot": {"executed_lines": [], "summary": {"covered_lines": 0, "num_statements": 22, "percent_covered": 0.0, "percent_covered_display": "0", "missing_lines": 22, "excluded_lines": 0}, "missing_lines": [172, 173, 175, 176, 177, 179, 181, 182, 183, 186, 187, 189, 190, 192, 194, 195, 196, 198, 199, 200, 202, 203], "excluded_lines": []}, "sat_download_lc": {"executed_lines": [], "summary": {"covered_lines": 0, "num_statements": 2, "percent_covered": 0.0, "percent_covered_display": "0", "missing_lines": 2, "excluded_lines": 0}, "missing_lines": [208, 209], "excluded_lines": []}, "get_sat_query": {"executed_lines": [], "summary": {"covered_lines": 0, "num_statements": 29, "percent_covered": 0.0, "percent_covered_display": "0", "missing_lines": 29, "excluded_lines": 0}, "missing_lines": [215, 216, 218, 219, 224, 230, 231, 232, 234, 235, 236, 238, 239, 240, 242, 243, 244, 245, 246, 247, 248, 249, 255, 256, 258, 259, 260, 262, 264], "excluded_lines": []}, "ajax_file_sat": {"executed_lines": [], "summary": {"covered_lines": 0, "num_statements": 13, "percent_covered": 0.0, "percent_covered_display": "0", "missing_lines": 13, "excluded_lines": 0}, "missing_lines": [269, 270, 271, 274, 275, 277, 278, 280, 282, 291, 298, 299, 301], "excluded_lines": []}, "get_lcs_query": {"executed_lines": [], "summary": {"covered_lines": 0, "num_statements": 32, "percent_covered": 0.0, "percent_covered_display": "0", "missing_lines": 32, "excluded_lines": 0}, "missing_lines": [309, 310, 311, 314, 315, 319, 322, 323, 324, 326, 327, 328, 329, 330, 331, 332, 333, 334, 335, 336, 337, 338, 339, 340, 341, 346, 347, 348, 349, 350, 352, 353], "excluded_lines": []}, "ajax_file_lc": {"executed_lines": [], "summary": {"covered_lines": 0, "num_statements": 25, "percent_covered": 0.0, "percent_covered_display": "0", "missing_lines": 25, "excluded_lines": 0}, "missing_lines": [358, 359, 360, 361, 362, 364, 365, 367, 369, 370, 371, 372, 373, 374, 375, 378, 379, 381, 383, 384, 395, 408, 416, 417, 419], "excluded_lines": []}, "ajax_multi_lc_check": {"executed_lines": [], "summary": {"covered_lines": 0, "num_statements": 8, "percent_covered": 0.0, "percent_covered_display": "0", "missing_lines": 8, "excluded_lines": 0}, "missing_lines": [427, 428, 430, 431, 432, 434, 435, 437], "excluded_lines": []}, "": {"executed_lines": [1, 3, 4, 5, 6, 7, 8, 9, 10, 11, 13, 14, 15, 19, 21, 22, 25, 53, 54, 55, 132, 133, 134, 141, 142, 143, 158, 159, 160, 169, 170, 171, 205, 206, 207, 212, 214, 267, 268, 307, 308, 356, 357, 425, 426, 440, 441, 442, 445, 448, 449, 450, 456, 457, 458, 459], "summary": {"covered_lines": 56, "num_statements": 56, "percent_covered": 100.0, "percent_covered_display": "100", "missing_lines": 0, "excluded_lines": 0}, "missing_lines": [], "excluded_lines": []}}, "classes": {"AddLcForm": {"executed_lines": [], "summary": {"covered_lines": 0, "num_statements": 0, "percent_covered": 100.0, "percent_covered_display": "100", "missing_lines": 0, "excluded_lines": 0}, "missing_lines": [], "excluded_lines": []}, "ReportForm": {"executed_lines": [], "summary": {"covered_lines": 0, "num_statements": 0, "percent_covered": 100.0, "percent_covered_display": "100", "missing_lines": 0, "excluded_lines": 0}, "missing_lines": [], "excluded_lines": []}, "PeriodUpdateForm": {"executed_lines": [], "summary": {"covered_lines": 0, "num_statements": 0, "percent_covered": 100.0, "percent_covered_display": "100", "missing_lines": 0, "excluded_lines": 0}, "missing_lines": [], "excluded_lines": []}, "": {"executed_lines": [1, 3, 4, 5, 6, 7, 8, 9, 10, 11, 13, 14, 15, 19, 21, 22, 25, 53, 54, 55, 64, 65, 67, 68, 70, 71, 72, 73, 79, 80, 82, 83, 84, 85, 86, 87, 88, 89, 90, 91, 92, 93, 94, 103, 104, 132, 133, 134, 141, 142, 143, 158, 159, 160, 169, 170, 171, 205, 206, 207, 212, 214, 267, 268, 307, 308, 356, 357, 425, 426, 440, 441, 442, 445, 448, 449, 450, 456, 457, 458, 459], "summary": {"covered_lines": 81, "num_statements": 256, "percent_covered": 31.640625, "percent_covered_display": "32", "missing_lines": 175, "excluded_lines": 0}, "missing_lines": [26, 27, 34, 37, 38, 39, 40, 41, 42, 45, 46, 47, 48, 50, 96, 98, 100, 102, 106, 107, 108, 110, 111, 112, 114, 115, 119, 122, 123, 124, 125, 128, 129, 135, 137, 147, 148, 150, 155, 161, 162, 163, 165, 166, 172, 173, 175, 176, 177, 179, 181, 182, 183, 186, 187, 189, 190, 192, 194, 195, 196, 198, 199, 200, 202, 203, 208, 209, 215, 216, 218, 219, 224, 230, 231, 232, 234, 235, 236, 238, 239, 240, 242, 243, 244, 245, 246, 247, 248, 249, 255, 256, 258, 259, 260, 262, 264, 269, 270, 271, 274, 275, 277, 278, 280, 282, 291, 298, 299, 301, 309, 310, 311, 314, 315, 319, 322, 323, 324, 326, 327, 328, 329, 330, 331, 332, 333, 334, 335, 336, 337, 338, 339, 340, 341, 346, 347, 348, 349, 350, 352, 353, 358, 359, 360, 361, 362, 364, 365, 367, 369, 370, 371, 372, 373, 374, 375, 378, 379, 381, 383, 384, 395, 408, 416, 417, 419, 427, 428, 430, 431, 432, 434, 435, 437], "excluded_lines": []}}}, "app/views/sat_view.py": {"executed_lines": [1, 2, 3, 4, 6, 7, 9, 10, 11, 12, 13, 14, 15, 16, 17, 18, 19, 21, 22, 23, 24, 25, 26, 27, 28, 30, 31, 32, 35, 36, 39, 65, 70, 101, 102, 176, 177, 178, 209, 210, 225, 226, 240, 241, 242, 243, 244, 245], "summary": {"covered_lines": 48, "num_statements": 153, "percent_covered": 31.372549019607842, "percent_covered_display": "31", "missing_lines": 105, "excluded_lines": 0}, "missing_lines": [46, 47, 48, 50, 51, 53, 55, 56, 57, 58, 60, 61, 62, 66, 67, 71, 72, 73, 74, 75, 76, 77, 78, 79, 80, 82, 83, 84, 85, 86, 87, 88, 89, 90, 92, 93, 95, 96, 97, 98, 106, 107, 108, 110, 111, 112, 113, 114, 118, 119, 120, 121, 124, 128, 130, 132, 137, 138, 139, 140, 143, 144, 145, 146, 147, 148, 149, 152, 153, 154, 155, 156, 157, 158, 164, 169, 170, 173, 179, 180, 181, 182, 183, 186, 192, 193, 195, 197, 198, 205, 206, 215, 216, 217, 218, 219, 221, 222, 230, 231, 233, 234, 235, 236, 237], "excluded_lines": [], "functions": {"calc_t_twilight": {"executed_lines": [], "summary": {"covered_lines": 0, "num_statements": 13, "percent_covered": 0.0, "percent_covered_display": "0", "missing_lines": 13, "excluded_lines": 0}, "missing_lines": [46, 47, 48, 50, 51, 53, 55, 56, 57, 58, 60, 61, 62], "excluded_lines": []}, "space_track_callback": {"executed_lines": [], "summary": {"covered_lines": 0, "num_statements": 2, "percent_covered": 0.0, "percent_covered_display": "0", "missing_lines": 2, "excluded_lines": 0}, "missing_lines": [66, 67], "excluded_lines": []}, "update_tle": {"executed_lines": [], "summary": {"covered_lines": 0, "num_statements": 25, "percent_covered": 0.0, "percent_covered_display": "0", "missing_lines": 25, "excluded_lines": 0}, "missing_lines": [71, 72, 73, 74, 75, 76, 77, 78, 79, 80, 82, 83, 84, 85, 86, 87, 88, 89, 90, 92, 93, 95, 96, 97, 98], "excluded_lines": []}, "sat_passes": {"executed_lines": [], "summary": {"covered_lines": 0, "num_statements": 38, "percent_covered": 0.0, "percent_covered_display": "0", "missing_lines": 38, "excluded_lines": 0}, "missing_lines": [106, 107, 108, 110, 111, 112, 113, 114, 118, 119, 120, 121, 124, 128, 130, 132, 137, 138, 139, 140, 143, 144, 145, 146, 147, 148, 149, 152, 153, 154, 155, 156, 157, 158, 164, 169, 170, 173], "excluded_lines": []}, "sat_select": {"executed_lines": [], "summary": {"covered_lines": 0, "num_statements": 13, "percent_covered": 0.0, "percent_covered_display": "0", "missing_lines": 13, "excluded_lines": 0}, "missing_lines": [179, 180, 181, 182, 183, 186, 192, 193, 195, 197, 198, 205, 206], "excluded_lines": []}, "delete_satellite": {"executed_lines": [], "summary": {"covered_lines": 0, "num_statements": 7, "percent_covered": 0.0, "percent_covered_display": "0", "missing_lines": 7, "excluded_lines": 0}, "missing_lines": [215, 216, 217, 218, 219, 221, 222], "excluded_lines": []}, "add_satellite": {"executed_lines": [], "summary": {"covered_lines": 0, "num_statements": 7, "percent_covered": 0.0, "percent_covered_display": "0", "missing_lines": 7, "excluded_lines": 0}, "missing_lines": [230, 231, 233, 234, 235, 236, 237], "excluded_lines": []}, "": {"executed_lines": [1, 2, 3, 4, 6, 7, 9, 10, 11, 12, 13, 14, 15, 16, 17, 18, 19, 21, 22, 23, 24, 25, 26, 27, 28, 30, 31, 32, 35, 36, 39, 65, 70, 101, 102, 176, 177, 178, 209, 210, 225, 226, 240, 241, 242, 243, 244, 245], "summary": {"covered_lines": 48, "num_statements": 48, "percent_covered": 100.0, "percent_covered_display": "100", "missing_lines": 0, "excluded_lines": 0}, "missing_lines": [], "excluded_lines": []}}, "classes": {"SatelliteTrackingForm": {"executed_lines": [], "summary": {"covered_lines": 0, "num_statements": 0, "percent_covered": 100.0, "percent_covered_display": "100", "missing_lines": 0, "excluded_lines": 0}, "missing_lines": [], "excluded_lines": []}, "": {"executed_lines": [1, 2, 3, 4, 6, 7, 9, 10, 11, 12, 13, 14, 15, 16, 17, 18, 19, 21, 22, 23, 24, 25, 26, 27, 28, 30, 31, 32, 35, 36, 39, 65, 70, 101, 102, 176, 177, 178, 209, 210, 225, 226, 240, 241, 242, 243, 244, 245], "summary": {"covered_lines": 48, "num_statements": 153, "percent_covered": 31.372549019607842, "percent_covered_display": "31", "missing_lines": 105, "excluded_lines": 0}, "missing_lines": [46, 47, 48, 50, 51, 53, 55, 56, 57, 58, 60, 61, 62, 66, 67, 71, 72, 73, 74, 75, 76, 77, 78, 79, 80, 82, 83, 84, 85, 86, 87, 88, 89, 90, 92, 93, 95, 96, 97, 98, 106, 107, 108, 110, 111, 112, 113, 114, 118, 119, 120, 121, 124, 128, 130, 132, 137, 138, 139, 140, 143, 144, 145, 146, 147, 148, 149, 152, 153, 154, 155, 156, 157, 158, 164, 169, 170, 173, 179, 180, 181, 182, 183, 186, 192, 193, 195, 197, 198, 205, 206, 215, 216, 217, 218, 219, 221, 222, 230, 231, 233, 234, 235, 236, 237], "excluded_lines": []}}}, "tests/conftest.py": {"executed_lines": [1, 2, 3, 4, 5, 6, 8, 11, 12, 13, 15, 16, 22, 23, 26, 34, 37, 38, 39, 42, 43, 44, 47, 48, 49, 50, 51, 57, 60], "summary": {"covered_lines": 29, "num_statements": 30, "percent_covered": 96.66666666666667, "percent_covered_display": "97", "missing_lines": 1, "excluded_lines": 0}, "missing_lines": [58], "excluded_lines": [], "functions": {"app": {"executed_lines": [13, 15, 16, 22, 23, 26, 34, 37, 38, 39], "summary": {"covered_lines": 10, "num_statements": 10, "percent_covered": 100.0, "percent_covered_display": "100", "missing_lines": 0, "excluded_lines": 0}, "missing_lines": [], "excluded_lines": []}, "client": {"executed_lines": [44], "summary": {"covered_lines": 1, "num_statements": 1, "percent_covered": 100.0, "percent_covered_display": "100", "missing_lines": 0, "excluded_lines": 0}, "missing_lines": [], "excluded_lines": []}, "auth": {"executed_lines": [49, 50, 57, 60], "summary": {"covered_lines": 4, "num_statements": 4, "percent_covered": 100.0, "percent_covered_display": "100", "missing_lines": 0, "excluded_lines": 0}, "missing_lines": [], "excluded_lines": []}, "auth.AuthActions.login": {"executed_lines": [51], "summary": {"covered_lines": 1, "num_statements": 1, "percent_covered": 100.0, "percent_covered_display": "100", "missing_lines": 0, "excluded_lines": 0}, "missing_lines": [], "excluded_lines": []}, "auth.AuthActions.logout": {"executed_lines": [], "summary": {"covered_lines": 0, "num_statements": 1, "percent_covered": 0.0, "percent_covered_display": "0", "missing_lines": 1, "excluded_lines": 0}, "missing_lines": [58], "excluded_lines": []}, "": {"executed_lines": [1, 2, 3, 4, 5, 6, 8, 11, 12, 42, 43, 47, 48], "summary": {"covered_lines": 13, "num_statements": 13, "percent_covered": 100.0, "percent_covered_display": "100", "missing_lines": 0, "excluded_lines": 0}, "missing_lines": [], "excluded_lines": []}}, "classes": {"auth.AuthActions": {"executed_lines": [51], "summary": {"covered_lines": 1, "num_statements": 2, "percent_covered": 50.0, "percent_covered_display": "50", "missing_lines": 1, "excluded_lines": 0}, "missing_lines": [58], "excluded_lines": []}, "": {"executed_lines": [1, 2, 3, 4, 5, 6, 8, 11, 12, 13, 15, 16, 22, 23, 26, 34, 37, 38, 39, 42, 43, 44, 47, 48, 49, 50, 57, 60], "summary": {"covered_lines": 28, "num_statements": 28, "percent_covered": 100.0, "percent_covered_display": "100", "missing_lines": 0, "excluded_lines": 0}, "missing_lines": [], "excluded_lines": []}}}, "tests/test_auth.py": {"executed_lines": [1, 4, 5, 16, 17, 20, 21, 24, 26, 27, 28, 29, 32, 33, 35, 40, 41, 44, 45, 49], "summary": {"covered_lines": 20, "num_statements": 20, "percent_covered": 100.0, "percent_covered_display": "100", "missing_lines": 0, "excluded_lines": 0}, "missing_lines": [], "excluded_lines": [], "functions": {"test_register": {"executed_lines": [5, 16, 17, 20, 21], "summary": {"covered_lines": 5, "num_statements": 5, "percent_covered": 100.0, "percent_covered_display": "100", "missing_lines": 0, "excluded_lines": 0}, "missing_lines": [], "excluded_lines": []}, "test_login": {"executed_lines": [26, 27, 28, 29, 32, 33, 35, 40, 41], "summary": {"covered_lines": 9, "num_statements": 9, "percent_covered": 100.0, "percent_covered_display": "100", "missing_lines": 0, "excluded_lines": 0}, "missing_lines": [], "excluded_lines": []}, "test_bad_user_login": {"executed_lines": [45, 49], "summary": {"covered_lines": 2, "num_statements": 2, "percent_covered": 100.0, "percent_covered_display": "100", "missing_lines": 0, "excluded_lines": 0}, "missing_lines": [], "excluded_lines": []}, "": {"executed_lines": [1, 4, 24, 44], "summary": {"covered_lines": 4, "num_statements": 4, "percent_covered": 100.0, "percent_covered_display": "100", "missing_lines": 0, "excluded_lines": 0}, "missing_lines": [], "excluded_lines": []}}, "classes": {"": {"executed_lines": [1, 4, 5, 16, 17, 20, 21, 24, 26, 27, 28, 29, 32, 33, 35, 40, 41, 44, 45, 49], "summary": {"covered_lines": 20, "num_statements": 20, "percent_covered": 100.0, "percent_covered_display": "100", "missing_lines": 0, "excluded_lines": 0}, "missing_lines": [], "excluded_lines": []}}}, "tests/test_eb.py": {"executed_lines": [1, 2, 3, 4, 5, 8, 9, 10, 11, 13, 15, 16, 18, 19, 20, 22, 23, 24, 25, 27, 28, 29, 31, 41, 42, 43, 44, 47, 48, 49, 52, 59, 60, 62, 64, 65, 66, 68, 70, 71, 74, 79, 80, 83, 89], "summary": {"covered_lines": 45, "num_statements": 45, "percent_covered": 100.0, "percent_covered_display": "100", "missing_lines": 0, "excluded_lines": 0}, "missing_lines": [], "excluded_lines": [], "functions": {"test_eb_phot": {"executed_lines": [9, 10, 11], "summary": {"covered_lines": 3, "num_statements": 3, "percent_covered": 100.0, "percent_covered_display": "100", "missing_lines": 0, "excluded_lines": 0}, "missing_lines": [], "excluded_lines": []}, "test_eb_list_access_denied": {"executed_lines": [15, 16, 18, 19, 20], "summary": {"covered_lines": 5, "num_statements": 5, "percent_covered": 100.0, "percent_covered_display": "100", "missing_lines": 0, "excluded_lines": 0}, "missing_lines": [], "excluded_lines": []}, "test_eb_list_login_required": {"executed_lines": [23, 24, 25], "summary": {"covered_lines": 3, "num_statements": 3, "percent_covered": 100.0, "percent_covered_display": "100", "missing_lines": 0, "excluded_lines": 0}, "missing_lines": [], "excluded_lines": []}, "test_add_eb": {"executed_lines": [28, 29, 31, 41, 42, 43, 44], "summary": {"covered_lines": 7, "num_statements": 7, "percent_covered": 100.0, "percent_covered_display": "100", "missing_lines": 0, "excluded_lines": 0}, "missing_lines": [], "excluded_lines": []}, "test_eb_details": {"executed_lines": [48, 49, 52, 59, 60, 62, 64, 65, 66], "summary": {"covered_lines": 9, "num_statements": 9, "percent_covered": 100.0, "percent_covered_display": "100", "missing_lines": 0, "excluded_lines": 0}, "missing_lines": [], "excluded_lines": []}, "test_details_form_submission": {"executed_lines": [70, 71, 74, 79, 80, 83, 89], "summary": {"covered_lines": 7, "num_statements": 7, "percent_covered": 100.0, "percent_covered_display": "100", "missing_lines": 0, "excluded_lines": 0}, "missing_lines": [], "excluded_lines": []}, "": {"executed_lines": [1, 2, 3, 4, 5, 8, 13, 22, 27, 47, 68], "summary": {"covered_lines": 11, "num_statements": 11, "percent_covered": 100.0, "percent_covered_display": "100", "missing_lines": 0, "excluded_lines": 0}, "missing_lines": [], "excluded_lines": []}}, "classes": {"": {"executed_lines": [1, 2, 3, 4, 5, 8, 9, 10, 11, 13, 15, 16, 18, 19, 20, 22, 23, 24, 25, 27, 28, 29, 31, 41, 42, 43, 44, 47, 48, 49, 52, 59, 60, 62, 64, 65, 66, 68, 70, 71, 74, 79, 80, 83, 89], "summary": {"covered_lines": 45, "num_statements": 45, "percent_covered": 100.0, "percent_covered_display": "100", "missing_lines": 0, "excluded_lines": 0}, "missing_lines": [], "excluded_lines": []}}}, "tests/test_lc_upload.py": {"executed_lines": [1, 2, 3, 4, 5, 6, 7, 10, 11, 12, 13, 16, 17, 18, 20, 21, 22, 25, 27, 28, 30, 32, 39, 49, 53, 56, 60, 61, 62, 65, 67, 68, 70, 72, 79, 89, 93, 96, 104, 105, 106], "summary": {"covered_lines": 41, "num_statements": 43, "percent_covered": 95.34883720930233, "percent_covered_display": "95", "missing_lines": 2, "excluded_lines": 0}, "missing_lines": [57, 97], "excluded_lines": [], "functions": {"create_super_user": {"executed_lines": [11, 12, 13, 16, 17, 18, 20, 21, 22], "summary": {"covered_lines": 9, "num_statements": 9, "percent_covered": 100.0, "percent_covered_display": "100", "missing_lines": 0, "excluded_lines": 0}, "missing_lines": [], "excluded_lines": []}, "test_phc_lc_upload": {"executed_lines": [27, 28, 30, 32, 39, 49, 53, 56, 60, 61, 62], "summary": {"covered_lines": 11, "num_statements": 12, "percent_covered": 91.66666666666667, "percent_covered_display": "92", "missing_lines": 1, "excluded_lines": 0}, "missing_lines": [57], "excluded_lines": []}, "test_phx_lc_upload": {"executed_lines": [67, 68, 70, 72, 79, 89, 93, 96, 104, 105, 106], "summary": {"covered_lines": 11, "num_statements": 12, "percent_covered": 91.66666666666667, "percent_covered_display": "92", "missing_lines": 1, "excluded_lines": 0}, "missing_lines": [97], "excluded_lines": []}, "": {"executed_lines": [1, 2, 3, 4, 5, 6, 7, 10, 25, 65], "summary": {"covered_lines": 10, "num_statements": 10, "percent_covered": 100.0, "percent_covered_display": "100", "missing_lines": 0, "excluded_lines": 0}, "missing_lines": [], "excluded_lines": []}}, "classes": {"": {"executed_lines": [1, 2, 3, 4, 5, 6, 7, 10, 11, 12, 13, 16, 17, 18, 20, 21, 22, 25, 27, 28, 30, 32, 39, 49, 53, 56, 60, 61, 62, 65, 67, 68, 70, 72, 79, 89, 93, 96, 104, 105, 106], "summary": {"covered_lines": 41, "num_statements": 43, "percent_covered": 95.34883720930233, "percent_covered_display": "95", "missing_lines": 2, "excluded_lines": 0}, "missing_lines": [57, 97], "excluded_lines": []}}}, "tests/test_models.py": {"executed_lines": [1, 2, 4, 5, 8, 9, 11, 12, 13, 16, 17, 20, 21, 23, 24, 26], "summary": {"covered_lines": 16, "num_statements": 16, "percent_covered": 100.0, "percent_covered_display": "100", "missing_lines": 0, "excluded_lines": 0}, "missing_lines": [], "excluded_lines": [], "functions": {"test_create_user": {"executed_lines": [5, 8, 9, 11, 12, 13], "summary": {"covered_lines": 6, "num_statements": 6, "percent_covered": 100.0, "percent_covered_display": "100", "missing_lines": 0, "excluded_lines": 0}, "missing_lines": [], "excluded_lines": []}, "test_delete_user": {"executed_lines": [17, 20, 21, 23, 24, 26], "summary": {"covered_lines": 6, "num_statements": 6, "percent_covered": 100.0, "percent_covered_display": "100", "missing_lines": 0, "excluded_lines": 0}, "missing_lines": [], "excluded_lines": []}, "": {"executed_lines": [1, 2, 4, 16], "summary": {"covered_lines": 4, "num_statements": 4, "percent_covered": 100.0, "percent_covered_display": "100", "missing_lines": 0, "excluded_lines": 0}, "missing_lines": [], "excluded_lines": []}}, "classes": {"": {"executed_lines": [1, 2, 4, 5, 8, 9, 11, 12, 13, 16, 17, 20, 21, 23, 24, 26], "summary": {"covered_lines": 16, "num_statements": 16, "percent_covered": 100.0, "percent_covered_display": "100", "missing_lines": 0, "excluded_lines": 0}, "missing_lines": [], "excluded_lines": []}}}, "tests/test_routes.py": {"executed_lines": [1, 2, 3, 6, 7, 8, 9, 11, 12, 13, 14, 16, 17, 18, 19, 21, 22, 23], "summary": {"covered_lines": 18, "num_statements": 18, "percent_covered": 100.0, "percent_covered_display": "100", "missing_lines": 0, "excluded_lines": 0}, "missing_lines": [], "excluded_lines": [], "functions": {"test_home_page": {"executed_lines": [7, 8, 9], "summary": {"covered_lines": 3, "num_statements": 3, "percent_covered": 100.0, "percent_covered_display": "100", "missing_lines": 0, "excluded_lines": 0}, "missing_lines": [], "excluded_lines": []}, "test_about_page": {"executed_lines": [12, 13, 14], "summary": {"covered_lines": 3, "num_statements": 3, "percent_covered": 100.0, "percent_covered_display": "100", "missing_lines": 0, "excluded_lines": 0}, "missing_lines": [], "excluded_lines": []}, "test_contact_page": {"executed_lines": [17, 18, 19], "summary": {"covered_lines": 3, "num_statements": 3, "percent_covered": 100.0, "percent_covered_display": "100", "missing_lines": 0, "excluded_lines": 0}, "missing_lines": [], "excluded_lines": []}, "test_404_page": {"executed_lines": [22, 23], "summary": {"covered_lines": 2, "num_statements": 2, "percent_covered": 100.0, "percent_covered_display": "100", "missing_lines": 0, "excluded_lines": 0}, "missing_lines": [], "excluded_lines": []}, "": {"executed_lines": [1, 2, 3, 6, 11, 16, 21], "summary": {"covered_lines": 7, "num_statements": 7, "percent_covered": 100.0, "percent_covered_display": "100", "missing_lines": 0, "excluded_lines": 0}, "missing_lines": [], "excluded_lines": []}}, "classes": {"": {"executed_lines": [1, 2, 3, 6, 7, 8, 9, 11, 12, 13, 14, 16, 17, 18, 19, 21, 22, 23], "summary": {"covered_lines": 18, "num_statements": 18, "percent_covered": 100.0, "percent_covered_display": "100", "missing_lines": 0, "excluded_lines": 0}, "missing_lines": [], "excluded_lines": []}}}, "tests/test_sat.py": {"executed_lines": [1, 2, 3, 4, 5, 8, 9, 10, 11, 12], "summary": {"covered_lines": 10, "num_statements": 10, "percent_covered": 100.0, "percent_covered_display": "100", "missing_lines": 0, "excluded_lines": 0}, "missing_lines": [], "excluded_lines": [], "functions": {"test_sat_phot": {"executed_lines": [9, 10, 11, 12], "summary": {"covered_lines": 4, "num_statements": 4, "percent_covered": 100.0, "percent_covered_display": "100", "missing_lines": 0, "excluded_lines": 0}, "missing_lines": [], "excluded_lines": []}, "": {"executed_lines": [1, 2, 3, 4, 5, 8], "summary": {"covered_lines": 6, "num_statements": 6, "percent_covered": 100.0, "percent_covered_display": "100", "missing_lines": 0, "excluded_lines": 0}, "missing_lines": [], "excluded_lines": []}}, "classes": {"": {"executed_lines": [1, 2, 3, 4, 5, 8, 9, 10, 11, 12], "summary": {"covered_lines": 10, "num_statements": 10, "percent_covered": 100.0, "percent_covered_display": "100", "missing_lines": 0, "excluded_lines": 0}, "missing_lines": [], "excluded_lines": []}}}, "tests/test_sat_report.py": {"executed_lines": [1, 4, 5, 7], "summary": {"covered_lines": 4, "num_statements": 4, "percent_covered": 100.0, "percent_covered_display": "100", "missing_lines": 0, "excluded_lines": 0}, "missing_lines": [], "excluded_lines": [], "functions": {"test_report": {"executed_lines": [5, 7], "summary": {"covered_lines": 2, "num_statements": 2, "percent_covered": 100.0, "percent_covered_display": "100", "missing_lines": 0, "excluded_lines": 0}, "missing_lines": [], "excluded_lines": []}, "": {"executed_lines": [1, 4], "summary": {"covered_lines": 2, "num_statements": 2, "percent_covered": 100.0, "percent_covered_display": "100", "missing_lines": 0, "excluded_lines": 0}, "missing_lines": [], "excluded_lines": []}}, "classes": {"": {"executed_lines": [1, 4, 5, 7], "summary": {"covered_lines": 4, "num_statements": 4, "percent_covered": 100.0, "percent_covered_display": "100", "missing_lines": 0, "excluded_lines": 0}, "missing_lines": [], "excluded_lines": []}}}}, "totals": {"covered_lines": 1113, "num_statements": 2343, "percent_covered": 47.50320102432779, "percent_covered_display": "48", "missing_lines": 1230, "excluded_lines": 0}}